5.660000 74.154030 100.047053 180.046550 133.232472 -0.473322 2048.043903 4095.906288 0.144738 1.028274 -0.000828 -0.159509 1.806689 0.000128 0.533036 -0.500000 0.061320 0.000000 0.000000
5.670000 72.008922 103.913281 180.035406 137.878105 -0.480105 2048.022899 4095.910794 0.141163 1.038980 -0.013456 -0.022316 0.142038 -0.000150 1.672064 -0.500000 0.060350 0.000000 0.000000
5.680000 68.954819 106.094251 180.020370 143.665395 -0.461349 2048.009066 4095.899475 0.159579 1.051859 -0.024302 -0.005593 0.020791 -0.000302 1.755237 -0.500000 0.061588 0.000000 0.000000
5.690000 65.734456 107.448606 180.017473 149.447047 -0.474066 2048.007473 4095.926135 0.171291 1.030610 -0.018539 -0.001481 0.005273 -0.000376 1.769872 -0.500000 0.062143 0.000000 0.000000
5.700000 62.173076 107.726491 179.995083 155.233713 -0.467200 2047.996574 4095.938497 0.173243 1.032023 -0.030451 -0.000174 0.001386 -0.000410 1.774014 -0.500000 0.061717 0.000000 0.000000
5.710000 61.026424 108.847825 177.799421 161.015006 -0.453795 2048.015204 4095.961488 0.174379 1.023278 -0.043201 0.000282 0.000142 -0.000138 1.775411 -0.500000 0.061213 0.000000 0.000000
5.720000 61.124798 109.798783 174.138031 166.783576 -0.440895 2047.993266 4095.958787 0.170700 1.017393 -0.049964 0.000446 -0.000293 1.067212 1.775914 -0.500000 0.060233 0.000000 0.000000
5.730000 61.144570 112.957195 179.484442 172.555332 -0.437216 2047.979899 4095.969671 0.157877 1.020336 -0.052270 0.000506 -0.000450 0.073295 1.775574 -0.500000 0.058349 0.000000 0.000000
5.740000 61.552897 115.156623 180.003227 178.314188 -0.418031 2047.980980 4095.985039 0.162171 1.020287 -0.034947 0.000528 -0.000508 0.012687 0.393547 -0.500000 0.058195 0.000000 0.000000
5.750000 61.471712 117.040512 179.992411 180.148779 -0.414354 2047.990946 4095.990816 0.159723 1.036959 -0.028514 0.000536 -0.000529 0.003347 0.037332 -0.500000 0.057368 0.000000 0.000000
5.760000 61.103807 118.515455 179.921406 179.998058 -0.421363 2047.979609 4096.006354 0.175049 1.030626 -0.040836 0.000539 -0.000536 0.000842 0.008870 -0.500000 0.058327 0.000000 0.000000
5.770000 61.154321 118.866343 178.695969 179.993853 -0.406122 2047.962469 4095.986475 0.169939 1.015894 -0.042279 0.000540 -0.000539 0.000065 0.003067 -0.500000 0.057232 0.000000 0.000000
5.780000 61.152503 118.818012 177.694741 180.008623 -0.415281 2047.942158 4095.980203 0.161277 1.001193 -0.039691 0.000541 -0.000540 0.000107 0.001343 -0.500000 0.055794 0.000000 0.000000
5.790000 61.142821 118.810404 177.219561 180.014528 -0.416039 2047.949582 4096.002838 0.168549 0.990475 -0.051660 0.000541 -0.000541 0.000717 0.000757 -0.500000 0.055963 0.000000 0.000000
5.800000 61.151019 118.779088 177.169123 180.007322 -0.419264 2047.948167 4095.992869 0.186386 1.002377 -0.030788 0.000541 -0.000541 0.001055 0.000547 -0.500000 0.057187 0.000000 0.000000
5.810000 61.170714 118.747912 177.204296 180.015910 -0.425173 2047.961088 4095.992611 0.208453 1.008545 -0.051566 0.000541 -0.000541 0.001106 0.000471 -0.500000 0.058822 0.000000 0.000000
5.820000 61.170851 118.666704 177.237639 180.027284 -0.427660 2047.941555 4095.986276 0.186544 0.991354 -0.026831 0.000541 -0.000541 0.001057 0.000443 -0.500000 0.056043 0.000000 0.000000
5.830000 61.162863 118.526740 177.268917 180.006103 -0.439108 2047.946404 4095.968359 0.185553 1.012083 -0.029293 0.000541 -0.000541 0.000980 0.000433 -0.500000 0.055383 0.000000 0.000000
5.840000 61.181076 118.366589 177.310489 180.010859 -0.433487 2047.937715 4095.979327 0.192066 1.010206 -0.039705 0.000541 -0.000541 0.000880 0.000429 -0.500000 0.055481 0.000000 0.000000
5.850000 61.184055 118.146490 177.331889 180.014038 -0.447118 2047.948014 4095.961337 0.208461 0.998329 -0.058524 0.000541 -0.000541 0.000808 0.000427 -0.500000 0.056566 0.000000 0.000000
5.860000 61.218094 117.900126 177.334114 180.004912 -0.451418 2047.966794 4095.956282 0.226790 1.002413 -0.066382 0.000541 -0.000541 0.000778 0.000427 -0.500000 0.057833 0.000000 0.000000
5.870000 61.250057 117.635652 177.371456 179.991698 -0.432335 2047.989000 4095.945420 0.236643 1.003181 -0.061721 0.000541 -0.000541 0.000711 0.000427 -0.500000 0.058240 0.000000 0.000000
5.880000 61.254410 117.316455 177.376189 179.978321 -0.451678 2047.993368 4095.969867 0.228020 0.993841 -0.077287 0.000541 -0.000541 0.000679 0.000427 -0.500000 0.056795 0.000000 0.000000
5.890000 61.279705 117.004926 177.376486 179.972667 -0.432197 2047.999196 4095.988807 0.206294 0.993822 -0.074858 0.000541 -0.000541 0.000667 0.000427 -0.500000 0.054054 0.000000 0.000000
5.900000 61.277208 116.666754 177.408329 179.974238 -0.434249 2047.985261 4096.002974 0.207190 1.007572 -0.051470 0.000541 -0.000541 0.000618 0.000427 -0.500000 0.053604 0.000000 0.000000
5.910000 61.297214 116.276554 177.414897 179.997053 -0.447990 2047.976441 4096.008888 0.216920 1.020652 -0.046642 0.000541 -0.000541 0.000591 0.000427 -0.500000 0.054041 0.000000 0.000000
5.920000 61.291436 115.877874 177.439367 180.005229 -0.429203 2047.973423 4095.989740 0.221766 1.009317 -0.050222 0.000541 -0.000541 0.000550 0.000427 -0.500000 0.053985 0.000000 0.000000
5.930000 61.290503 115.432589 177.442454 180.012786 -0.426467 2047.958666 4095.999355 0.229169 1.023409 -0.035370 0.000541 -0.000541 0.000531 0.000427 -0.500000 0.054185 0.000000 0.000000
5.940000 61.297330 114.969080 177.457979 180.012230 -0.450632 2047.969015 4096.010512 0.234680 1.043611 -0.016861 0.000541 -0.000541 0.000505 0.000427 -0.500000 0.054194 0.000000 0.000000
5.950000 61.316765 114.509720 177.464980 180.032333 -0.448647 2047.976356 4096.018135 0.234757 1.025481 -0.032153 0.000541 -0.000541 0.000487 0.000427 -0.500000 0.053660 0.000000 0.000000
5.960000 61.345978 114.010398 177.496595 180.033077 -0.441301 2047.979501 4096.023822 0.226216 1.037403 -0.045056 0.000541 -0.000541 0.000443 0.000426 -0.500000 0.052269 0.000000 0.000000
5.970000 61.371874 113.530738 177.516727 180.034514 -0.442653 2047.968103 4096.009378 0.212681 1.056398 -0.050677 0.000541 -0.000541 0.000405 0.000426 -0.500000 0.050393 0.000000 0.000000
5.980000 61.372860 113.012662 177.504532 180.049459 -0.452333 2047.947602 4096.010474 0.229286 1.056705 -0.034785 0.000541 -0.000541 0.000405 0.000426 -0.500000 0.051550 0.000000 0.000000
5.990000 61.363778 112.491366 177.504124 180.047762 -0.462519 2047.941888 4096.025031 0.243743 1.038766 -0.032922 0.000541 -0.000541 0.000405 0.000426 -0.500000 0.052480 0.000000 0.000000
6.000000 61.388018 111.979088 177.535092 180.029629 -0.461431 2047.948794 4096.007944 0.254893 1.058219 -0.020654 0.000541 -0.000541 0.000372 0.000426 -0.500000 0.053070 0.000000 0.000000
6.010000 61.397982 111.453847 177.541945 180.009610 -0.441754 2047.963518 4096.029722 0.257909 1.075214 -0.015999 0.000541 -0.000541 0.000353 0.000427 -0.500000 0.052841 0.000000 0.000000
6.020000 61.389915 110.952830 177.552888 180.005167 -0.462600 2047.968469 4096.034734 0.277937 1.052081 -0.018217 0.000541 -0.000541 0.000335 0.000427 -0.500000 0.054316 0.000000 0.000000
6.030000 61.377200 110.435469 177.571667 179.995460 -0.457942 2047.981986 4096.027219 0.273469 1.060975 -0.007009 0.000541 -0.000541 0.000310 0.000427 -0.500000 0.053326 0.000000 0.000000
6.040000 61.387608 109.910831 177.597381 179.980140 -0.468569 2047.987028 4096.040880 0.262829 1.040150 -0.003117 0.000541 -0.000541 0.000277 0.000427 -0.500000 0.051728 0.000000 0.000000
6.050000 61.412083 109.438650 177.617848 179.979893 -0.474476 2047.970123 4096.057244 0.260083 1.031914 0.008695 0.000541 -0.000541 0.000247 0.000427 -0.500000 0.050936 0.000000 0.000000
6.060000 61.435764 108.919478 177.629745 179.964786 -0.454526 2047.986118 4096.070198 0.266716 1.011314 -0.012864 0.000541 -0.000541 0.000225 0.000427 -0.500000 0.051090 0.000000 0.000000
6.070000 61.438553 108.442933 177.615730 179.987687 -0.441939 2047.979534 4096.077505 0.261405 1.020052 -0.027939 0.000541 -0.000541 0.000230 0.000427 -0.500000 0.050048 0.000000 0.000000
6.080000 61.449180 107.992719 177.604302 179.975108 -0.446048 2047.963516 4096.068893 0.276988 1.033181 -0.037048 0.000541 -0.000541 0.000241 0.000427 -0.500000 0.051106 0.000000 0.000000
6.090000 61.451251 107.514366 177.593073 179.972255 -0.430550 2047.975453 4096.046833 0.292157 1.038745 -0.037794 0.000541 -0.000541 0.000256 0.000427 -0.500000 0.052112 0.000000 0.000000
6.100000 61.440760 107.070306 177.582574 179.980415 -0.447092 2047.982507 4096.060395 0.307859 1.054234 -0.016605 0.000541 -0.000541 0.000271 0.000427 -0.500000 0.053161 0.000000 0.000000
6.110000 61.436713 106.645704 177.587796 179.970391 -0.455298 2047.969091 4096.050516 0.316900 1.044532 -0.023374 0.000541 -0.000541 0.000271 0.000427 -0.500000 0.053534 0.000000 0.000000
6.120000 61.447179 106.285894 177.591019 179.950769 -0.435748 2047.982361 4096.027658 0.307676 1.030127 -0.028694 0.000541 -0.000541 0.000269 0.000427 -0.500000 0.052076 0.000000 0.000000
6.130000 61.460827 105.934557 177.580045 179.933295 -0.444910 2047.964024 4096.047864 0.322203 1.029523 -0.044378 0.000541 -0.000541 0.000278 0.000428 -0.500000 0.053008 0.000000 0.000000
6.140000 61.476826 105.596840 177.604361 179.929768 -0.463374 2047.975584 4096.029705 0.306622 1.034391 -0.025242 0.000541 -0.000541 0.000259 0.000428 -0.500000 0.050920 0.000000 0.000000
6.150000 61.477366 105.298263 177.599640 179.916494 -0.449652 2047.968773 4096.034804 0.294945 1.031036 -0.030194 0.000541 -0.000541 0.000256 0.000428 -0.500000 0.049243 0.000000 0.000000
6.160000 61.497609 105.045347 177.594981 179.931757 -0.431140 2047.966915 4096.040473 0.311102 1.027203 -0.026963 0.000541 -0.000541 0.000259 0.000428 -0.500000 0.050366 0.000000 0.000000
6.170000 61.519382 104.807317 177.588561 179.930349 -0.434523 2047.972242 4096.021423 0.303415 1.035850 -0.029548 0.000541 -0.000541 0.000266 0.000428 -0.500000 0.049094 0.000000 0.000000
6.180000 61.540915 104.617573 177.607076 179.930274 -0.425910 2047.976374 4096.028439 0.294037 1.021578 -0.027100 0.000541 -0.000541 0.000252 0.000428 -0.500000 0.047665 0.000000 0.000000
6.190000 61.566358 104.470461 177.629379 179.921971 -0.434538 2047.970204 4096.026944 0.287273 1.039295 -0.009996 0.000541 -0.000541 0.000228 0.000428 -0.500000 0.046512 0.000000 0.000000
6.200000 61.572541 104.385754 177.617131 179.934809 -0.434555 2047.973496 4096.023488 0.277900 1.026632 -0.012802 0.000541 -0.000541 0.000229 0.000428 -0.500000 0.045109 0.000000 0.000000
6.210000 61.595245 104.322333 177.606791 179.948349 -0.436044 2047.987142 4096.018398 0.303978 1.018913 0.006801 0.000541 -0.000541 0.000239 0.000428 -0.500000 0.047266 0.000000 0.000000
6.220000 61.597642 104.298042 177.634333 179.959509 -0.442136 2047.991953 4096.021486 0.303433 1.021231 -0.007521 0.000541 -0.000541 0.000219 0.000427 -0.500000 0.046739 0.000000 0.000000
6.230000 61.608674 104.274214 177.627864 179.963425 -0.426046 2048.010125 4096.022568 0.305234 0.999001 0.013352 0.000541 -0.000541 0.000217 0.000427 -0.500000 0.046452 0.000000 0.000000
6.240000 61.611764 104.279386 177.628514 179.945871 -0.426756 2048.030560 4096.017913 0.332839 0.999140 -0.003625 0.000541 -0.000541 0.000215 0.000427 -0.500000 0.048748 0.000000 0.000000
6.250000 61.608279 104.270646 177.641279 179.939417 -0.425785 2048.024362 4096.008014 0.331104 0.997209 -0.015049 0.000541 -0.000541 0.000204 0.000428 -0.500000 0.048087 0.000000 0.000000
6.260000 61.627250 104.273389 177.635161 179.941468 -0.424801 2048.019564 4095.989165 0.341538 1.004677 0.005345 0.000541 -0.000541 0.000205 0.000428 -0.500000 0.048649 0.000000 0.000000
6.270000 61.626258 104.279491 177.635185 179.933010 -0.433379 2048.021071 4096.009017 0.350502 0.992330 -0.001180 0.000541 -0.000541 0.000206 0.000428 -0.500000 0.049059 0.000000 0.000000
6.280000 61.623501 104.256062 177.621882 179.920597 -0.442949 2048.015758 4095.993734 0.352155 0.991736 0.005038 0.000541 -0.000541 0.000217 0.000428 -0.500000 0.048734 0.000000 0.000000
6.290000 61.652083 104.261427 177.620243 179.927454 -0.466911 2048.036902 4095.994590 0.388127 1.002446 0.014195 0.000541 -0.000541 0.000223 0.000428 -0.500000 0.051844 0.000000 0.000000
6.300000 61.639560 104.229884 177.622705 179.942774 -0.449456 2048.037829 4095.993396 0.426605 0.996028 0.028217 0.000541 -0.000541 0.000222 0.000428 -0.500000 0.055173 0.000000 0.000000
6.310000 61.626810 104.240375 177.621815 179.967248 -0.449475 2048.047064 4095.975698 0.460028 0.988122 0.038245 0.000541 -0.000541 0.000223 0.000427 -0.500000 0.057964 0.000000 0.000000
6.320000 61.638072 104.229070 177.633722 179.987672 -0.456589 2048.025693 4095.958460 0.491952 0.973863 0.049993 0.000541 -0.000541 0.000213 0.000427 -0.500000 0.060576 0.000000 0.000000
6.330000 61.648323 104.215849 177.654231 179.980839 -0.459172 2048.018783 4095.942911 0.503829 0.971678 0.068403 0.000541 -0.000541 0.000193 0.000427 -0.500000 0.061158 0.000000 0.000000
6.340000 61.668077 104.217814 177.663781 179.996293 -0.472317 2048.008919 4095.968051 0.520256 0.982999 0.070910 0.000541 -0.000541 0.000178 0.000427 -0.500000 0.062189 0.000000 0.000000
6.350000 61.699748 104.220857 177.664744 179.985330 -0.487816 2048.030759 4095.969867 0.529999 0.996780 0.085887 0.000541 -0.000541 0.000172 0.000427 -0.500000 0.062542 0.000000 0.000000
6.360000 61.709812 104.197676 177.687403 180.000375 -0.490387 2048.046971 4095.969120 0.528737 0.986623 0.069591 0.000541 -0.000541 0.000152 0.000427 -0.500000 0.061790 0.000000 0.000000
6.370000 61.722851 104.192554 177.703784 180.003147 -0.470011 2048.045750 4095.979663 0.560621 1.002568 0.045264 0.000541 -0.000541 0.000132 0.000427 -0.500000 0.064361 0.000000 0.000000
6.380000 61.746810 104.203913 177.729895 179.997615 -0.474088 2048.038981 4095.976773 0.579652 1.013718 0.040788 0.000541 -0.000541 0.000107 0.000427 -0.500000 0.065620 0.000000 0.000000
6.390000 61.740414 104.213373 177.736582 179.988377 -0.465202 2048.043301 4095.961639 0.621989 1.028085 0.049634 0.000541 -0.000541 0.000093 0.000427 -0.500000 0.069198 0.000000 0.000000
6.400000 61.756649 104.217279 177.733754 179.981838 -0.479911 2048.040889 4095.966815 0.666087 1.012001 0.033253 0.000541 -0.000541 0.000090 0.000427 -0.500000 0.072916 0.000000 0.000000
6.410000 61.753164 104.208014 177.726457 179.992277 -0.493416 2048.035833 4095.952989 0.700686 1.018485 0.012097 0.000541 -0.000541 0.000094 0.000427 -0.500000 0.075646 0.000000 0.000000
6.420000 61.774835 104.208169 177.722130 180.013948 -0.500798 2048.048832 4095.959712 0.722698 1.013893 0.003405 0.000541 -0.000541 0.000098 0.000427 -0.500000 0.077091 0.000000 0.000000
6.430000 61.788338 104.177820 177.756947 179.993858 -0.481268 2048.034979 4095.947789 0.725192 1.031371 -0.012550 0.000541 -0.000541 0.000076 0.000427 -0.500000 0.076570 0.000000 0.000000
6.440000 61.801932 104.170865 177.814571 179.977613 -0.480997 2048.020849 4095.955080 0.753237 1.041590 -0.010202 0.000541 -0.000541 0.000033 0.000427 -0.500000 0.078608 0.000000 0.000000
6.450000 61.828697 104.137716 177.924759 179.984371 -0.469288 2048.010021 4095.970967 0.773486 1.042327 -0.012493 0.000541 -0.000541 -0.000040 0.000427 -0.500000 0.079847 0.000000 0.000000
6.460000 61.816128 104.149118 178.113191 179.967285 -0.477786 2047.992776 4095.953309 0.815525 1.057580 -0.018778 0.000541 -0.000541 -0.000139 0.000427 -0.500000 0.083253 0.000000 0.000000
6.470000 61.804565 104.131678 178.406783 179.967403 -0.491120 2047.974335 4095.938673 0.844295 1.060623 -0.010803 0.000541 -0.000541 -0.000245 0.000427 -0.500000 0.085297 0.000000 0.000000
6.480000 61.821268 104.143138 178.763817 179.980103 -0.496324 2047.991194 4095.932809 0.865974 1.061733 0.011921 0.000541 -0.000541 -0.000328 0.000427 -0.500000 0.086612 0.000000 0.000000
6.490000 61.843671 104.115049 179.269986 180.002706 -0.514736 2047.975752 4095.925095 0.918932 1.059037 0.031290 0.000541 -0.000541 -0.000385 0.000427 -0.500000 0.091042 0.000000 0.000000
6.500000 61.857315 104.117878 179.889157 180.024499 -0.494040 2047.984325 4095.942777 0.959144 1.046542 0.050371 0.000541 -0.000541 -0.000417 0.000427 -0.500000 0.094152 0.000000 0.000000
6.510000 62.129052 104.107803 180.028223 180.027456 -0.516096 2047.988624 4095.931918 1.014495 1.043804 0.068457 0.000541 -0.000541 -0.000430 0.000427 -0.500000 0.098746 0.000000 0.000000
6.520000 62.334349 104.092512 180.020552 180.010097 -0.536272 2047.994712 4095.937738 1.055267 1.032008 0.084603 0.000541 -0.000541 -0.000434 0.000427 -0.500000 0.101836 0.000000 0.000000
6.530000 62.384229 104.075440 180.034617 179.989481 -0.521549 2047.974865 4095.923544 1.107638 1.023721 0.071075 0.000541 -0.000541 -0.000436 0.000427 -0.500000 0.106055 0.000000 0.000000
6.540000 62.385618 104.053969 180.024786 179.994797 -0.526290 2047.954275 4095.905085 1.128859 1.040751 0.071644 0.000541 -0.000541 -0.000437 0.000427 -0.500000 0.107116 0.000000 0.000000
6.550000 62.397595 104.315039 180.018553 180.010406 -0.519415 2047.970075 2047.887511 1.192088 1.038382 1.066486 0.000541 -0.000541 -0.000437 0.000427 -0.500000 0.112368 0.000000 0.000000
6.560000 62.407469 104.521117 180.027652 179.997451 -0.507818 2047.962433 2047.886621 1.252575 1.027357 1.077490 1.135422 -1.135422 -0.928981 0.000961 -0.500000 0.117293 0.000000 0.000000
6.570000 66.269442 101.974197 174.245621 180.005731 -0.487145 2047.980601 2047.896009 1.284246 1.019080 1.093671 2.103818 -2.103818 -1.720579 0.001153 -0.500000 0.119287 0.000000 0.000000
6.580000 70.140375 98.129958 168.465842 180.010857 -0.474243 2047.976906 2047.895481 1.315845 1.031107 1.084552 2.170221 -2.169383 -1.771020 0.001223 -0.500000 0.121254 0.000000 0.000000
6.590000 73.974649 94.270418 162.697976 180.008935 -0.457402 2047.968644 2047.880877 1.344313 1.041963 1.102320 2.181135 -2.175722 -1.775653 0.001247 -0.500000 0.122888 0.000000 0.000000
6.600000 77.845130 90.426309 156.938775 180.004717 -0.471115 2047.992323 2047.876794 1.363808 1.018212 1.092058 2.184141 -2.173478 -1.775746 0.001195 -0.500000 0.123609 0.000000 0.000000
6.610000 81.672987 86.566876 151.152336 180.011765 -0.475232 2048.013308 2047.891938 1.410388 1.024356 1.097850 2.184219 -2.171497 -1.775574 0.000900 -0.500000 0.127031 0.000000 0.000000
6.620000 85.525313 82.695256 145.390111 180.015227 -0.494911 2048.015803 2047.911354 1.426488 1.034502 1.106630 2.179927 -2.170574 -1.775492 0.000438 -0.500000 0.127370 0.000000 0.000000
6.630000 89.392146 78.855430 139.602413 180.014552 -0.513576 4096.016743 2047.910047 1.443586 0.012106 1.102742 2.174889 -2.167061 -1.775463 0.000047 -0.500000 0.127807 0.000000 0.000000
6.640000 93.250197 75.025965 133.830315 180.030330 -0.496581 4095.995635 2047.918646 1.490757 0.033188 1.076131 2.172016 -0.432096 -1.775454 -0.000196 -0.500000 0.131246 0.000000 0.000000
6.650000 97.075396 71.357659 128.031155 179.974789 -0.504828 4095.974873 2047.905150 1.511149 0.041153 1.053712 2.170771 -0.040456 -1.775452 -0.000325 -0.500000 0.131972 0.000000 0.000000
6.660000 100.928698 67.906430 122.237951 179.955089 -0.494620 4095.979242 2047.893188 1.541446 0.038730 1.034684 0.518136 -0.008922 0.532096 -0.000386 -0.500000 0.133682 0.000000 0.000000
6.670000 104.661825 66.865022 126.807065 179.389782 -0.516165 4095.984002 2047.881861 1.561242 0.027816 1.043589 0.045253 -0.002427 1.671990 -0.000407 -0.500000 0.134325 0.000000 0.000000
6.680000 107.493506 65.561100 132.582096 179.291638 -0.509343 4095.985075 2047.892445 1.598454 0.026110 1.021764 0.009704 -0.000491 1.755229 -0.000413 -0.500000 0.136703 0.000000 0.000000
6.690000 109.138888 63.797018 138.360644 179.302877 -0.492070 4095.995335 2047.909922 1.614426 0.002827 1.004595 0.002641 0.000169 1.769871 -0.000417 -0.500000 0.136933 0.000000 0.000000
6.700000 109.700750 61.715980 144.143292 179.293463 -0.475934 4095.987725 2047.931202 1.650561 -0.014821 0.987656 0.000561 0.000405 1.774014 -0.000418 -0.500000 0.139177 0.000000 0.000000
6.710000 110.368380 61.077656 149.902489 177.787345 -0.479999 4096.000617 2047.955436 1.671353 -0.004345 0.988121 -0.000144 0.000491 1.775411 -0.000135 -0.500000 0.139865 0.000000 0.000000
6.720000 110.684183 61.173757 155.654830 175.295723 -0.479727 4096.004172 2047.971618 1.720261 -0.021382 0.981194 -0.000396 0.000523 1.775914 0.099803 -0.500000 0.143357 0.000000 0.000000
6.730000 110.683817 61.190236 161.435924 173.342164 -0.479200 4096.023432 2047.976978 1.770329 -0.011776 0.967800 -0.000488 0.000534 1.776100 1.565658 -0.500000 0.146930 0.000000 0.000000
6.740000 113.492692 61.184721 167.224983 179.122408 -0.476449 4096.032055 2047.978293 1.816233 -0.009410 0.990900 -0.000521 0.000538 1.776169 0.134654 -0.500000 0.150051 0.000000 0.000000
6.750000 115.633279 62.945313 173.011948 180.051308 -0.480940 4096.049669 2047.963390 1.853902 0.000394 0.990912 -0.000534 0.000540 1.774856 0.018594 -0.500000 0.152318 0.000000 0.000000
6.760000 115.734543 63.795705 178.803020 180.016036 -0.483740 4096.033754 2047.947881 1.903101 0.014859 1.010886 -0.000538 0.000540 0.384340 0.004645 -0.500000 0.155714 0.000000 0.000000
6.770000 116.431237 64.127998 180.347370 180.031199 -0.481499 4096.009741 2047.928657 1.922992 -0.002051 1.027630 -0.000540 0.000541 0.036809 0.001235 -0.500000 0.156146 0.000000 0.000000
6.780000 116.665656 64.048192 180.079512 180.027537 -0.482262 4096.004807 2047.913597 1.952630 0.003946 1.017483 -0.000540 0.000541 0.008786 0.000154 -0.500000 0.157549 0.000000 0.000000
6.790000 116.674293 64.055475 180.053324 180.030005 -0.501524 4096.002635 2047.931209 1.988577 0.022646 0.999076 -0.000541 0.000541 0.003044 -0.000223 -0.500000 0.159568 0.000000 0.000000
6.800000 116.670478 64.073752 180.029931 180.033697 -0.514179 4096.010596 2047.927340 2.023612 0.007461 0.983665 -0.000541 0.000541 0.001336 -0.000359 -0.500000 0.161476 0.000000 0.000000
6.810000 116.648972 64.067504 180.028381 180.044511 -0.515992 4096.008211 2047.946898 2.053328 0.005648 0.971644 -0.000541 0.000541 0.000754 -0.000409 -0.500000 0.162833 0.000000 0.000000
6.820000 116.637370 64.060147 180.005030 180.052339 -0.527911 4096.012210 2047.940265 2.088178 -0.004203 0.978017 -0.000541 0.000541 0.000546 -0.000427 -0.500000 0.164689 0.000000 0.000000
6.830000 116.627001 64.052206 179.984989 180.061430 -0.516325 4096.030841 2047.958315 2.119516 -0.013034 0.977629 -0.000541 0.000541 0.000471 -0.000434 -0.500000 0.166176 0.000000 0.000000
6.840000 116.599196 64.064404 179.990371 180.051623 -0.513524 4096.042958 2047.939565 2.179560 -0.001491 0.970396 -0.000541 0.000541 0.000443 -0.000436 -0.500000 0.170519 0.000000 0.000000
6.850000 116.574753 64.073637 179.998637 180.041952 -0.526437 4096.052596 2047.930969 2.233518 0.014937 0.962221 -0.000541 0.000541 0.000433 -0.000437 -0.500000 0.174209 0.000000 0.000000
6.860000 116.580640 64.092266 180.004744 180.036852 -0.510572 4096.039227 2047.934484 2.269259 0.035314 0.986153 -0.000541 0.000541 0.000429 -0.000437 -0.500000 0.176041 0.000000 0.000000
6.870000 116.575024 64.116310 180.001431 180.017601 -0.494834 4096.053184 2047.939474 2.305869 0.041805 0.989740 -0.000541 0.000541 0.000428 -0.000437 -0.500000 0.177942 0.000000 0.000000
6.880000 116.552250 64.107355 179.994489 180.004943 -0.484058 4096.057693 2047.946642 2.363107 0.024768 0.997705 -0.000541 0.000541 0.000427 -0.000437 -0.500000 0.181886 0.000000 0.000000
6.890000 116.545402 64.134739 180.016084 179.993658 -0.493864 4096.057374 2047.935655 2.424228 0.022955 1.017289 -0.000541 0.000541 0.000427 -0.000437 -0.500000 0.186180 0.000000 0.000000
6.900000 116.517814 64.164220 180.016055 179.975599 -0.492059 4096.034134 2047.923092 2.487633 0.004050 1.002882 -0.000541 0.000541 0.000427 -0.000437 -0.500000 0.190658 0.000000 0.000000
6.910000 116.488703 64.151316 180.033624 179.959032 -0.480710 4096.011768 2047.939264 2.538129 -0.004571 1.015795 -0.000541 0.000541 0.000427 -0.000437 -0.500000 0.193801 0.000000 0.000000
6.920000 116.477823 64.174510 180.027815 179.969637 -0.473675 4096.000833 2047.941050 2.601970 0.013337 1.020876 -0.000541 0.000541 0.000427 -0.000437 -0.500000 0.198247 0.000000 0.000000
6.930000 116.458567 64.188167 180.019196 179.954012 -0.493882 4095.985565 2047.958018 2.675764 0.017198 1.040574 -0.000541 0.000541 0.000427 -0.000436 -0.500000 0.203644 0.000000 0.000000
6.940000 116.445580 64.202430 180.028599 179.940822 -0.471893 4095.968756 2047.977843 2.738014 0.003904 1.043883 -0.000541 0.000541 0.000427 -0.000436 -0.500000 0.207833 0.000000 0.000000
6.950000 116.448404 64.200614 180.009467 179.932584 -0.469320 4095.949723 2047.997696 2.791801 0.012285 1.024237 -0.000541 0.000541 0.000427 -0.000436 -0.500000 0.211133 0.000000 0.000000
6.960000 116.452799 64.218956 179.992871 179.917206 -0.456653 4095.946508 2048.000097 2.841833 -0.009128 1.010294 -0.000541 0.000541 0.000427 -0.000436 -0.500000 0.214025 0.000000 0.000000
6.970000 116.801486 64.214266 179.994274 179.905917 -0.442268 2047.949879 2048.021416 2.923174 0.996829 0.992435 -0.000541 0.000541 0.000427 -0.000436 -0.500000 0.220019 0.000000 0.000000
6.980000 117.251992 64.248589 179.983164 179.921655 -0.423176 2047.936064 2048.019438 2.993860 1.006567 0.999746 -1.135422 1.135422 0.000961 -0.928981 -0.500000 0.224887 0.000000 0.000000
6.990000 116.212195 68.092684 179.961624 174.143724 -0.415756 2047.948741 2048.034271 3.058941 1.002001 0.986984 -2.103818 2.103818 0.001153 -1.720436 -0.500000 0.229147 0.000000 0.000000
7.000000 112.373682 71.938256 179.957624 168.388962 -0.437442 2047.961220 2048.025500 3.127013 1.022640 0.969829 -2.170221 2.170221 0.001224 -1.770707 -0.500000 0.233662 0.000000 0.000000
7.010000 108.525245 75.785501 179.960295 162.630310 -0.428608 2047.959172 2048.027925 3.191354 1.028637 0.954614 -2.181135 2.181135 0.001249 -1.775436 -0.500000 0.237760 0.000000 0.000000
7.020000 104.677405 79.630599 179.949870 156.850323 -0.439999 2047.974051 2048.024823 3.245248 1.039027 0.954034 -2.184147 2.183706 0.001259 -1.775645 -0.500000 0.240772 0.000000 0.000000
7.030000 100.846105 83.479492 179.944318 151.089149 -0.444655 2047.982713 2048.012124 3.280602 1.040918 0.974555 -2.185158 2.180915 0.001262 -1.775534 -0.500000 0.241899 0.000000 0.000000
7.040000 96.993128 87.311349 179.949250 145.336393 -0.440008 2048.000903 2047.994322 3.316024 1.048865 0.982199 -2.185086 2.175792 0.001264 -1.775477 -0.500000 0.243023 0.000000 0.000000
7.050000 93.154280 91.145260 179.962795 139.567476 -0.421052 2047.988742 2048.013877 3.377609 1.033810 1.003825 -2.181430 2.172464 0.001264 -1.775458 -0.500000 0.246751 0.000000 0.000000
7.060000 89.288675 95.004810 179.972423 133.780202 -0.409415 2047.992789 4096.019667 3.426173 1.036950 -0.008702 -2.175993 2.170955 0.001263 -1.775452 -0.500000 0.249140 0.000000 0.000000
7.070000 85.451206 98.869880 179.959873 127.992744 -0.434720 2048.008227 4096.002987 3.464692 1.050273 0.001106 -2.172543 2.169357 0.001203 -1.775451 -0.500000 0.250500 0.000000 0.000000
7.080000 81.614926 102.736012 179.978878 122.199611 -0.416106 2048.025306 4096.015875 3.517494 1.049449 0.021733 -2.170985 0.450378 0.000906 0.532102 -0.500000 0.253275 0.000000 0.000000
