5.660000,74.154030,100.047053,180.046550,133.232472,-0.159509,1.806689,0.000128,0.533036
5.670000,72.008922,103.913281,180.035406,137.878105,-0.022316,0.142038,-0.000150,1.672064
5.680000,68.954819,106.094251,180.020370,143.665395,-0.005593,0.020791,-0.000302,1.755237
5.690000,65.734456,107.448606,180.017473,149.447047,-0.001481,0.005273,-0.000376,1.769872
5.700000,62.173076,107.726491,179.995083,155.233713,-0.000174,0.001386,-0.000410,1.774014
5.710000,61.026424,108.847825,177.799421,161.015006,0.000282,0.000142,-0.000138,1.775411
5.720000,61.124798,109.798783,174.138031,166.783576,0.000446,-0.000293,1.067212,1.775914
5.730000,61.144570,112.957195,179.484442,172.555332,0.000506,-0.000450,0.073295,1.775574
5.740000,61.552897,115.156623,180.003227,178.314188,0.000528,-0.000508,0.012687,0.393547
5.750000,61.471712,117.040512,179.992411,180.148779,0.000536,-0.000529,0.003347,0.037332
5.760000,61.103807,118.515455,179.921406,179.998058,0.000539,-0.000536,0.000842,0.008870
5.770000,61.154321,118.866343,178.695969,179.993853,0.000540,-0.000539,0.000065,0.003067
5.780000,61.152503,118.818012,177.694741,180.008623,0.000541,-0.000540,0.000107,0.001343
5.790000,61.142821,118.810404,177.219561,180.014528,0.000541,-0.000541,0.000717,0.000757
5.800000,61.151019,118.779088,177.169123,180.007322,0.000541,-0.000541,0.001055,0.000547
5.810000,61.170714,118.747912,177.204296,180.015910,0.000541,-0.000541,0.001106,0.000471
5.820000,61.170851,118.666704,177.237639,180.027284,0.000541,-0.000541,0.001057,0.000443
5.830000,61.162863,118.526740,177.268917,180.006103,0.000541,-0.000541,0.000980,0.000433
5.840000,61.181076,118.366589,177.310489,180.010859,0.000541,-0.000541,0.000880,0.000429
5.850000,61.184055,118.146490,177.331889,180.014038,0.000541,-0.000541,0.000808,0.000427
5.860000,61.218094,117.900126,177.334114,180.004912,0.000541,-0.000541,0.000778,0.000427
5.870000,61.250057,117.635652,177.371456,179.991698,0.000541,-0.000541,0.000711,0.000427
5.880000,61.254410,117.316455,177.376189,179.978321,0.000541,-0.000541,0.000679,0.000427
5.890000,61.279705,117.004926,177.376486,179.972667,0.000541,-0.000541,0.000667,0.000427
5.900000,61.277208,116.666754,177.408329,179.974238,0.000541,-0.000541,0.000618,0.000427
5.910000,61.297214,116.276554,177.414897,179.997053,0.000541,-0.000541,0.000591,0.000427
5.920000,61.291436,115.877874,177.439367,180.005229,0.000541,-0.000541,0.000550,0.000427
5.930000,61.290503,115.432589,177.442454,180.012786,0.000541,-0.000541,0.000531,0.000427
5.940000,61.297330,114.969080,177.457979,180.012230,0.000541,-0.000541,0.000505,0.000427
5.950000,61.316765,114.509720,177.464980,180.032333,0.000541,-0.000541,0.000487,0.000427
5.960000,61.345978,114.010398,177.496595,180.033077,0.000541,-0.000541,0.000443,0.000426
5.970000,61.371874,113.530738,177.516727,180.034514,0.000541,-0.000541,0.000405,0.000426
5.980000,61.372860,113.012662,177.504532,180.049459,0.000541,-0.000541,0.000405,0.000426
5.990000,61.363778,112.491366,177.504124,180.047762,0.000541,-0.000541,0.000405,0.000426
6.000000,61.388018,111.979088,177.535092,180.029629,0.000541,-0.000541,0.000372,0.000426
6.010000,61.397982,111.453847,177.541945,180.009610,0.000541,-0.000541,0.000353,0.000427
6.020000,61.389915,110.952830,177.552888,180.005167,0.000541,-0.000541,0.000335,0.000427
6.030000,61.377200,110.435469,177.571667,179.995460,0.000541,-0.000541,0.000310,0.000427
6.040000,61.387608,109.910831,177.597381,179.980140,0.000541,-0.000541,0.000277,0.000427
6.050000,61.412083,109.438650,177.617848,179.979893,0.000541,-0.000541,0.000247,0.000427
6.060000,61.435764,108.919478,177.629745,179.964786,0.000541,-0.000541,0.000225,0.000427
6.070000,61.438553,108.442933,177.615730,179.987687,0.000541,-0.000541,0.000230,0.000427
6.080000,61.449180,107.992719,177.604302,179.975108,0.000541,-0.000541,0.000241,0.000427
6.090000,61.451251,107.514366,177.593073,179.972255,0.000541,-0.000541,0.000256,0.000427
6.100000,61.440760,107.070306,177.582574,179.980415,0.000541,-0.000541,0.000271,0.000427
6.110000,61.436713,106.645704,177.587796,179.970391,0.000541,-0.000541,0.000271,0.000427
6.120000,61.447179,106.285894,177.591019,179.950769,0.000541,-0.000541,0.000269,0.000427
6.130000,61.460827,105.934557,177.580045,179.933295,0.000541,-0.000541,0.000278,0.000428
6.140000,61.476826,105.596840,177.604361,179.929768,0.000541,-0.000541,0.000259,0.000428
6.150000,61.477366,105.298263,177.599640,179.916494,0.000541,-0.000541,0.000256,0.000428
6.160000,61.497609,105.045347,177.594981,179.931757,0.000541,-0.000541,0.000259,0.000428
6.170000,61.519382,104.807317,177.588561,179.930349,0.000541,-0.000541,0.000266,0.000428
6.180000,61.540915,104.617573,177.607076,179.930274,0.000541,-0.000541,0.000252,0.000428
6.190000,61.566358,104.470461,177.629379,179.921971,0.000541,-0.000541,0.000228,0.000428
6.200000,61.572541,104.385754,177.617131,179.934809,0.000541,-0.000541,0.000229,0.000428
6.210000,61.595245,104.322333,177.606791,179.948349,0.000541,-0.000541,0.000239,0.000428
6.220000,61.597642,104.298042,177.634333,179.959509,0.000541,-0.000541,0.000219,0.000427
6.230000,61.608674,104.274214,177.627864,179.963425,0.000541,-0.000541,0.000217,0.000427
6.240000,61.611764,104.279386,177.628514,179.945871,0.000541,-0.000541,0.000215,0.000427
6.250000,61.608279,104.270646,177.641279,179.939417,0.000541,-0.000541,0.000204,0.000428
6.260000,61.627250,104.273389,177.635161,179.941468,0.000541,-0.000541,0.000205,0.000428
6.270000,61.626258,104.279491,177.635185,179.933010,0.000541,-0.000541,0.000206,0.000428
6.280000,61.623501,104.256062,177.621882,179.920597,0.000541,-0.000541,0.000217,0.000428
6.290000,61.652083,104.261427,177.620243,179.927454,0.000541,-0.000541,0.000223,0.000428
6.300000,61.639560,104.229884,177.622705,179.942774,0.000541,-0.000541,0.000222,0.000428
6.310000,61.626810,104.240375,177.621815,179.967248,0.000541,-0.000541,0.000223,0.000427
6.320000,61.638072,104.229070,177.633722,179.987672,0.000541,-0.000541,0.000213,0.000427
6.330000,61.648323,104.215849,177.654231,179.980839,0.000541,-0.000541,0.000193,0.000427
6.340000,61.668077,104.217814,177.663781,179.996293,0.000541,-0.000541,0.000178,0.000427
6.350000,61.699748,104.220857,177.664744,179.985330,0.000541,-0.000541,0.000172,0.000427
6.360000,61.709812,104.197676,177.687403,180.000375,0.000541,-0.000541,0.000152,0.000427
6.370000,61.722851,104.192554,177.703784,180.003147,0.000541,-0.000541,0.000132,0.000427
6.380000,61.746810,104.203913,177.729895,179.997615,0.000541,-0.000541,0.000107,0.000427
6.390000,61.740414,104.213373,177.736582,179.988377,0.000541,-0.000541,0.000093,0.000427
6.400000,61.756649,104.217279,177.733754,179.981838,0.000541,-0.000541,0.000090,0.000427
6.410000,61.753164,104.208014,177.726457,179.992277,0.000541,-0.000541,0.000094,0.000427
6.420000,61.774835,104.208169,177.722130,180.013948,0.000541,-0.000541,0.000098,0.000427
6.430000,61.788338,104.177820,177.756947,179.993858,0.000541,-0.000541,0.000076,0.000427
6.440000,61.801932,104.170865,177.814571,179.977613,0.000541,-0.000541,0.000033,0.000427
6.450000,61.828697,104.137716,177.924759,179.984371,0.000541,-0.000541,-0.000040,0.000427
6.460000,61.816128,104.149118,178.113191,179.967285,0.000541,-0.000541,-0.000139,0.000427
6.470000,61.804565,104.131678,178.406783,179.967403,0.000541,-0.000541,-0.000245,0.000427
6.480000,61.821268,104.143138,178.763817,179.980103,0.000541,-0.000541,-0.000328,0.000427
6.490000,61.843671,104.115049,179.269986,180.002706,0.000541,-0.000541,-0.000385,0.000427
6.500000,61.857315,104.117878,179.889157,180.024499,0.000541,-0.000541,-0.000417,0.000427
6.510000,62.129052,104.107803,180.028223,180.027456,0.000541,-0.000541,-0.000430,0.000427
6.520000,62.334349,104.092512,180.020552,180.010097,0.000541,-0.000541,-0.000434,0.000427
6.530000,62.384229,104.075440,180.034617,179.989481,0.000541,-0.000541,-0.000436,0.000427
6.540000,62.385618,104.053969,180.024786,179.994797,0.000541,-0.000541,-0.000437,0.000427
6.550000,62.397595,104.315039,180.018553,180.010406,0.000541,-0.000541,-0.000437,0.000427
6.560000,62.407469,104.521117,180.027652,179.997451,1.135422,-1.135422,-0.928981,0.000961
6.570000,66.269442,101.974197,174.245621,180.005731,2.103818,-2.103818,-1.720579,0.001153
6.580000,70.140375,98.129958,168.465842,180.010857,2.170221,-2.169383,-1.771020,0.001223
6.590000,73.974649,94.270418,162.697976,180.008935,2.181135,-2.175722,-1.775653,0.001247
6.600000,77.845130,90.426309,156.938775,180.004717,2.184141,-2.173478,-1.775746,0.001195
6.610000,81.672987,86.566876,151.152336,180.011765,2.184219,-2.171497,-1.775574,0.000900
6.620000,85.525313,82.695256,145.390111,180.015227,2.179927,-2.170574,-1.775492,0.000438
6.630000,89.392146,78.855430,139.602413,180.014552,2.174889,-2.167061,-1.775463,0.000047
6.640000,93.250197,75.025965,133.830315,180.030330,2.172016,-0.432096,-1.775454,-0.000196
6.650000,97.075396,71.357659,128.031155,179.974789,2.170771,-0.040456,-1.775452,-0.000325
6.660000,100.928698,67.906430,122.237951,179.955089,0.518136,-0.008922,0.532096,-0.000386
6.670000,104.661825,66.865022,126.807065,179.389782,0.045253,-0.002427,1.671990,-0.000407
6.680000,107.493506,65.561100,132.582096,179.291638,0.009704,-0.000491,1.755229,-0.000413
6.690000,109.138888,63.797018,138.360644,179.302877,0.002641,0.000169,1.769871,-0.000417
6.700000,109.700750,61.715980,144.143292,179.293463,0.000561,0.000405,1.774014,-0.000418
6.710000,110.368380,61.077656,149.902489,177.787345,-0.000144,0.000491,1.775411,-0.000135
6.720000,110.684183,61.173757,155.654830,175.295723,-0.000396,0.000523,1.775914,0.099803
6.730000,110.683817,61.190236,161.435924,173.342164,-0.000488,0.000534,1.776100,1.565658
6.740000,113.492692,61.184721,167.224983,179.122408,-0.000521,0.000538,1.776169,0.134654
6.750000,115.633279,62.945313,173.011948,180.051308,-0.000534,0.000540,1.774856,0.018594
6.760000,115.734543,63.795705,178.803020,180.016036,-0.000538,0.000540,0.384340,0.004645
6.770000,116.431237,64.127998,180.347370,180.031199,-0.000540,0.000541,0.036809,0.001235
6.780000,116.665656,64.048192,180.079512,180.027537,-0.000540,0.000541,0.008786,0.000154
6.790000,116.674293,64.055475,180.053324,180.030005,-0.000541,0.000541,0.003044,-0.000223
6.800000,116.670478,64.073752,180.029931,180.033697,-0.000541,0.000541,0.001336,-0.000359
6.810000,116.648972,64.067504,180.028381,180.044511,-0.000541,0.000541,0.000754,-0.000409
6.820000,116.637370,64.060147,180.005030,180.052339,-0.000541,0.000541,0.000546,-0.000427
6.830000,116.627001,64.052206,179.984989,180.061430,-0.000541,0.000541,0.000471,-0.000434
6.840000,116.599196,64.064404,179.990371,180.051623,-0.000541,0.000541,0.000443,-0.000436
6.850000,116.574753,64.073637,179.998637,180.041952,-0.000541,0.000541,0.000433,-0.000437
6.860000,116.580640,64.092266,180.004744,180.036852,-0.000541,0.000541,0.000429,-0.000437
6.870000,116.575024,64.116310,180.001431,180.017601,-0.000541,0.000541,0.000428,-0.000437
6.880000,116.552250,64.107355,179.994489,180.004943,-0.000541,0.000541,0.000427,-0.000437
6.890000,116.545402,64.134739,180.016084,179.993658,-0.000541,0.000541,0.000427,-0.000437
6.900000,116.517814,64.164220,180.016055,179.975599,-0.000541,0.000541,0.000427,-0.000437
6.910000,116.488703,64.151316,180.033624,179.959032,-0.000541,0.000541,0.000427,-0.000437
6.920000,116.477823,64.174510,180.027815,179.969637,-0.000541,0.000541,0.000427,-0.000437
6.930000,116.458567,64.188167,180.019196,179.954012,-0.000541,0.000541,0.000427,-0.000436
6.940000,116.445580,64.202430,180.028599,179.940822,-0.000541,0.000541,0.000427,-0.000436
6.950000,116.448404,64.200614,180.009467,179.932584,-0.000541,0.000541,0.000427,-0.000436
6.960000,116.452799,64.218956,179.992871,179.917206,-0.000541,0.000541,0.000427,-0.000436
6.970000,116.801486,64.214266,179.994274,179.905917,-0.000541,0.000541,0.000427,-0.000436
6.980000,117.251992,64.248589,179.983164,179.921655,-1.135422,1.135422,0.000961,-0.928981
6.990000,116.212195,68.092684,179.961624,174.143724,-2.103818,2.103818,0.001153,-1.720436
7.000000,112.373682,71.938256,179.957624,168.388962,-2.170221,2.170221,0.001224,-1.770707
7.010000,108.525245,75.785501,179.960295,162.630310,-2.181135,2.181135,0.001249,-1.775436
7.020000,104.677405,79.630599,179.949870,156.850323,-2.184147,2.183706,0.001259,-1.775645
7.030000,100.846105,83.479492,179.944318,151.089149,-2.185158,2.180915,0.001262,-1.775534
7.040000,96.993128,87.311349,179.949250,145.336393,-2.185086,2.175792,0.001264,-1.775477
7.050000,93.154280,91.145260,179.962795,139.567476,-2.181430,2.172464,0.001264,-1.775458
7.060000,89.288675,95.004810,179.972423,133.780202,-2.175993,2.170955,0.001263,-1.775452
7.070000,85.451206,98.869880,179.959873,127.992744,-2.172543,2.169357,0.001203,-1.775451
7.080000,81.614926,102.736012,179.978878,122.199611,-2.170985,0.450378,0.000906,0.532102
