6.55,62.398,104.32,180.02,180.01,0.000541,-0.000541,-0.000437,0.000427
6.5505,62.398,104.34,180.02,180.01,0.061255,-0.061255,-0.05013,0.00046201
6.551,62.398,104.37,180.02,180.01,0.12158,-0.12158,-0.099503,0.00049651
6.5515,62.398,104.39,180.02,180.01,0.18151,-0.18151,-0.14855,0.00053044
6.552,62.398,104.42,180.02,180.01,0.24105,-0.24105,-0.19728,0.00056374
6.5525,62.398,104.43,180.02,180.01,0.30018,-0.30018,-0.24567,0.00059634
6.553,62.398,104.45,180.02,180,0.3589,-0.3589,-0.29372,0.00062818
6.5535,62.399,104.46,180.03,180,0.41721,-0.41721,-0.34144,0.00065922
6.554,62.399,104.48,180.03,180,0.4751,-0.4751,-0.38881,0.00068937
6.5545,62.4,104.49,180.03,180,0.53257,-0.53257,-0.43584,0.00071859
6.555,62.4,104.5,180.03,180,0.58962,-0.58962,-0.48251,0.00074682
6.5555,62.401,104.5,180.03,180,0.64623,-0.64623,-0.52883,0.00077399
6.556,62.401,104.51,180.03,180,0.7024,-0.7024,-0.57478,0.00080004
6.5565,62.402,104.51,180.03,180,0.75813,-0.75813,-0.62037,0.00082491
6.557,62.402,104.52,180.03,180,0.81341,-0.81341,-0.6656,0.00084855
6.5575,62.403,104.52,180.03,180,0.86824,-0.86824,-0.71045,0.00087089
6.558,62.404,104.52,180.03,180,0.92261,-0.92261,-0.75493,0.00089187
6.5585,62.405,104.52,180.03,180,0.97652,-0.97652,-0.79902,0.00091143
6.559,62.406,104.52,180.03,180,1.03,-1.03,-0.84273,0.00092951
6.5595,62.407,104.52,180.03,180,1.0829,-1.0829,-0.88605,0.00094606
6.56,62.407,104.52,180.03,180,1.1354,-1.1354,-0.92898,0.000961
6.5605,62.427,104.51,180,180,1.1893,-1.1893,-0.97306,0.00097489
6.561,62.482,104.48,179.92,180,1.2461,-1.2461,-1.0195,0.00098833
6.5615,62.57,104.42,179.79,180,1.3051,-1.3052,-1.0679,0.0010013
6.562,62.688,104.35,179.61,180,1.3659,-1.366,-1.1177,0.0010138
6.5625,62.832,104.27,179.4,180,1.4279,-1.4279,-1.1684,0.0010259
6.563,63.001,104.16,179.14,180,1.4904,-1.4905,-1.2196,0.0010375
6.5635,63.191,104.05,178.86,180,1.5529,-1.553,-1.2708,0.0010487
6.564,63.399,103.92,178.55,180,1.6149,-1.615,-1.3216,0.0010594
6.5645,63.622,103.78,178.21,180,1.6756,-1.6758,-1.3714,0.0010697
6.565,63.858,103.63,177.86,180,1.7347,-1.7349,-1.4198,0.0010795
6.5655,64.103,103.47,177.49,180,1.7915,-1.7917,-1.4662,0.0010888
6.566,64.355,103.31,177.11,180,1.8454,-1.8456,-1.5103,0.0010978
6.5665,64.611,103.14,176.73,180,1.8958,-1.896,-1.5516,0.0011062
6.567,64.868,102.97,176.34,180,1.9422,-1.9424,-1.5895,0.0011142
6.5675,65.123,102.8,175.96,180,1.984,-1.9842,-1.6236,0.0011218
6.568,65.374,102.63,175.59,180,2.0206,-2.0208,-1.6535,0.0011289
6.5685,65.616,102.46,175.22,180,2.0515,-2.0517,-1.6786,0.0011356
6.569,65.848,102.29,174.88,180,2.076,-2.0762,-1.6984,0.0011419
6.5695,66.067,102.13,174.55,180.01,2.0937,-2.0937,-1.7126,0.0011476
6.57,66.269,101.97,174.25,180.01,2.1038,-2.1038,-1.7206,0.001153
6.5705,66.463,101.82,173.96,180.01,2.1099,-2.1098,-1.7252,0.0011581
6.571,66.656,101.65,173.67,180.01,2.1156,-2.1155,-1.7296,0.0011629
6.5715,66.85,101.48,173.38,180.01,2.121,-2.1209,-1.7338,0.0011677
6.572,67.044,101.31,173.09,180.01,2.126,-2.126,-1.7377,0.0011723
6.5725,67.237,101.12,172.8,180.01,2.1308,-2.1308,-1.7414,0.0011767
6.573,67.431,100.94,172.51,180.01,2.1352,-2.1353,-1.7449,0.0011809
6.5735,67.625,100.74,172.22,180.01,2.1394,-2.1395,-1.7481,0.001185
6.574,67.819,100.55,171.93,180.01,2.1433,-2.1435,-1.7512,0.001189
6.5745,68.013,100.35,171.64,180.01,2.1469,-2.1471,-1.754,0.0011928
6.575,68.207,100.15,171.35,180.01,2.1502,-2.1505,-1.7566,0.0011964
6.5755,68.4,99.948,171.07,180.01,2.1533,-2.1536,-1.759,0.0011998
6.576,68.594,99.744,170.78,180.01,2.1561,-2.1564,-1.7611,0.0012031
6.5765,68.788,99.539,170.49,180.01,2.1586,-2.159,-1.7631,0.0012062
6.577,68.982,99.334,170.2,180.01,2.161,-2.1613,-1.7649,0.0012091
6.5775,69.175,99.129,169.91,180.01,2.163,-2.1633,-1.7664,0.0012118
6.578,69.368,98.925,169.62,180.01,2.1649,-2.165,-1.7677,0.0012144
6.5785,69.562,98.722,169.33,180.01,2.1665,-2.1665,-1.7688,0.0012168
6.579,69.755,98.522,169.04,180.01,2.168,-2.1677,-1.7698,0.0012191
6.5795,69.948,98.324,168.75,180.01,2.1692,-2.1687,-1.7705,0.0012211
6.58,70.14,98.13,168.47,180.01,2.1702,-2.1694,-1.771,0.001223
6.5805,70.333,97.937,168.18,180.01,2.1711,-2.17,-1.7714,0.0012248
6.581,70.525,97.745,167.89,180.01,2.172,-2.1705,-1.7718,0.0012266
6.5815,70.717,97.552,167.6,180.01,2.1728,-2.171,-1.7722,0.0012283
6.582,70.909,97.359,167.31,180.01,2.1736,-2.1715,-1.7726,0.0012301
6.5825,71.101,97.166,167.02,180.01,2.1743,-2.172,-1.7729,0.0012318
6.583,71.292,96.973,166.73,180.01,2.175,-2.1725,-1.7733,0.0012334
6.5835,71.484,96.78,166.45,180.01,2.1757,-2.1729,-1.7736,0.001235
6.584,71.675,96.587,166.16,180.01,2.1763,-2.1733,-1.7739,0.0012366
6.5845,71.866,96.393,165.87,180.01,2.1769,-2.1737,-1.7741,0.0012381
6.585,72.058,96.2,165.58,180.01,2.1774,-2.174,-1.7744,0.0012395
6.5855,72.249,96.007,165.29,180.01,2.1779,-2.1743,-1.7746,0.0012408
6.586,72.44,95.814,165,180.01,2.1784,-2.1746,-1.7748,0.001242
6.5865,72.631,95.621,164.72,180.01,2.1789,-2.1749,-1.775,0.0012431
6.587,72.823,95.428,164.43,180.01,2.1793,-2.1751,-1.7752,0.0012441
6.5875,73.014,95.235,164.14,180.01,2.1796,-2.1753,-1.7753,0.0012449
6.588,73.206,95.042,163.85,180.01,2.18,-2.1754,-1.7754,0.0012456
6.5885,73.398,94.849,163.56,180.01,2.1803,-2.1756,-1.7755,0.0012462
6.589,73.59,94.656,163.27,180.01,2.1806,-2.1756,-1.7756,0.0012466
6.5895,73.782,94.463,162.99,180.01,2.1809,-2.1757,-1.7756,0.0012469
6.59,73.975,94.27,162.7,180.01,2.1811,-2.1757,-1.7757,0.001247
6.5905,74.167,94.078,162.41,180.01,2.1814,-2.1757,-1.7757,0.0012468
6.591,74.36,93.885,162.12,180.01,2.1816,-2.1757,-1.7757,0.0012463
6.5915,74.554,93.693,161.83,180.01,2.1818,-2.1756,-1.7757,0.0012455
6.592,74.747,93.501,161.55,180.01,2.182,-2.1756,-1.7757,0.0012444
6.5925,74.941,93.309,161.26,180.01,2.1823,-2.1755,-1.7757,0.001243
6.593,75.134,93.117,160.97,180.01,2.1825,-2.1754,-1.7757,0.0012413
6.5935,75.328,92.924,160.68,180.01,2.1827,-2.1753,-1.7757,0.0012394
6.594,75.522,92.732,160.39,180.01,2.1829,-2.1751,-1.7757,0.0012372
6.5945,75.716,92.54,160.11,180.01,2.183,-2.175,-1.7757,0.0012347
6.595,75.91,92.348,159.82,180.01,2.1832,-2.1749,-1.7757,0.0012321
6.5955,76.104,92.156,159.53,180.01,2.1834,-2.1747,-1.7757,0.0012291
6.596,76.298,91.964,159.24,180.01,2.1835,-2.1746,-1.7757,0.001226
6.5965,76.492,91.772,158.96,180.01,2.1836,-2.1744,-1.7757,0.0012227
6.597,76.686,91.58,158.67,180.01,2.1838,-2.1743,-1.7757,0.0012192
6.5975,76.88,91.388,158.38,180.01,2.1839,-2.1741,-1.7757,0.0012156
6.598,77.073,91.196,158.09,180.01,2.184,-2.174,-1.7757,0.0012117
6.5985,77.267,91.004,157.8,180,2.184,-2.1738,-1.7757,0.0012077
6.599,77.46,90.811,157.52,180,2.1841,-2.1737,-1.7757,0.0012036
6.5995,77.653,90.619,157.23,180,2.1841,-2.1736,-1.7757,0.0011994
6.6,77.845,90.426,156.94,180,2.1841,-2.1735,-1.7757,0.001195
6.6005,78.037,90.234,156.65,180,2.1841,-2.1734,-1.7757,0.0011897
6.601,78.23,90.041,156.36,180,2.1842,-2.1733,-1.7757,0.0011828
6.6015,78.421,89.848,156.07,180.01,2.1842,-2.1732,-1.7757,0.0011744
6.602,78.613,89.656,155.78,180.01,2.1842,-2.173,-1.7757,0.0011645
6.6025,78.805,89.463,155.49,180.01,2.1842,-2.1729,-1.7757,0.0011534
6.603,78.996,89.27,155.2,180.01,2.1842,-2.1728,-1.7757,0.001141
6.6035,79.187,89.077,154.91,180.01,2.1842,-2.1727,-1.7757,0.0011275
6.604,79.378,88.884,154.63,180.01,2.1842,-2.1726,-1.7757,0.001113
6.6045,79.569,88.691,154.34,180.01,2.1842,-2.1725,-1.7757,0.0010976
6.605,79.76,88.498,154.05,180.01,2.1842,-2.1724,-1.7757,0.0010815
6.6055,79.951,88.305,153.76,180.01,2.1842,-2.1723,-1.7757,0.0010646
6.606,80.142,88.112,153.47,180.01,2.1842,-2.1722,-1.7757,0.0010472
6.6065,80.333,87.919,153.18,180.01,2.1842,-2.1721,-1.7756,0.0010293
6.607,80.524,87.726,152.89,180.01,2.1842,-2.172,-1.7756,0.0010111
6.6075,80.715,87.533,152.6,180.01,2.1842,-2.1719,-1.7756,0.00099259
6.608,80.907,87.34,152.31,180.01,2.1842,-2.1718,-1.7756,0.00097394
6.6085,81.098,87.147,152.02,180.01,2.1842,-2.1717,-1.7756,0.00095525
6.609,81.289,86.953,151.73,180.01,2.1842,-2.1716,-1.7756,0.00093663
6.6095,81.481,86.76,151.44,180.01,2.1842,-2.1716,-1.7756,0.00091818
6.61,81.673,86.567,151.15,180.01,2.1842,-2.1715,-1.7756,0.0009
6.6105,81.865,86.374,150.86,180.01,2.1842,-2.1714,-1.7756,0.00088141
6.611,82.057,86.18,150.58,180.01,2.1841,-2.1714,-1.7756,0.00086171
6.6115,82.249,85.986,150.29,180.01,2.184,-2.1713,-1.7756,0.00084101
6.612,82.442,85.793,150,180.01,2.1839,-2.1713,-1.7756,0.00081942
6.6125,82.634,85.599,149.71,180.01,2.1838,-2.1712,-1.7755,0.00079703
6.613,82.826,85.405,149.42,180.01,2.1836,-2.1712,-1.7755,0.00077396
6.6135,83.019,85.211,149.13,180.01,2.1834,-2.1712,-1.7755,0.00075031
6.614,83.211,85.018,148.85,180.01,2.1832,-2.1711,-1.7755,0.00072618
6.6145,83.404,84.824,148.56,180.01,2.1829,-2.1711,-1.7755,0.00070169
6.615,83.597,84.63,148.27,180.01,2.1827,-2.1711,-1.7755,0.00067693
6.6155,83.789,84.436,147.98,180.01,2.1824,-2.171,-1.7755,0.00065202
6.616,83.982,84.242,147.7,180.01,2.1821,-2.171,-1.7755,0.00062705
6.6165,84.175,84.048,147.41,180.01,2.1818,-2.1709,-1.7755,0.00060213
6.617,84.368,83.855,147.12,180.01,2.1815,-2.1709,-1.7755,0.00057737
6.6175,84.561,83.661,146.83,180.01,2.1812,-2.1709,-1.7755,0.00055287
6.618,84.754,83.468,146.54,180.02,2.181,-2.1708,-1.7755,0.00052874
6.6185,84.946,83.274,146.26,180.02,2.1807,-2.1708,-1.7755,0.00050508
6.619,85.139,83.081,145.97,180.02,2.1804,-2.1707,-1.7755,0.000482
6.6195,85.332,82.888,145.68,180.02,2.1802,-2.1706,-1.7755,0.00045961
6.62,85.525,82.695,145.39,180.02,2.1799,-2.1706,-1.7755,0.000438
6.6205,85.718,82.503,145.1,180.02,2.1797,-2.1705,-1.7755,0.00041676
6.621,85.911,82.31,144.81,180.02,2.1794,-2.1704,-1.7755,0.00039544
6.6215,86.105,82.117,144.52,180.02,2.1792,-2.1703,-1.7755,0.00037408
6.622,86.298,81.925,144.23,180.02,2.1789,-2.1702,-1.7755,0.00035271
6.6225,86.491,81.733,143.94,180.02,2.1787,-2.1701,-1.7755,0.00033139
6.623,86.685,81.541,143.66,180.02,2.1784,-2.17,-1.7755,0.00031017
6.6235,86.878,81.349,143.37,180.02,2.1781,-2.1699,-1.7755,0.00028907
6.624,87.071,81.157,143.08,180.01,2.1778,-2.1698,-1.7755,0.00026815
6.6245,87.265,80.965,142.79,180.01,2.1776,-2.1697,-1.7755,0.00024745
6.625,87.458,80.773,142.5,180.01,2.1773,-2.1695,-1.7755,0.00022702
6.6255,87.652,80.581,142.21,180.01,2.177,-2.1693,-1.7755,0.0002069
6.626,87.845,80.389,141.92,180.01,2.1767,-2.1692,-1.7755,0.00018713
6.6265,88.039,80.197,141.63,180.01,2.1765,-2.169,-1.7755,0.00016776
6.627,88.232,80.006,141.34,180.01,2.1762,-2.1688,-1.7755,0.00014883
6.6275,88.426,79.814,141.05,180.01,2.176,-2.1685,-1.7755,0.00013039
6.628,88.619,79.622,140.76,180.01,2.1757,-2.1683,-1.7755,0.00011248
6.6285,88.812,79.431,140.47,180.01,2.1755,-2.168,-1.7755,9.5136e-05
6.629,89.006,79.239,140.18,180.01,2.1753,-2.1677,-1.7755,7.8414e-05
6.6295,89.199,79.047,139.89,180.01,2.1751,-2.1674,-1.7755,6.2354e-05
6.63,89.392,78.855,139.6,180.01,2.1749,-2.1671,-1.7755,4.7e-05
6.6305,89.585,78.664,139.31,180.01,2.1747,-2.1557,-1.7755,3.2113e-05
6.631,89.778,78.471,139.02,180.01,2.1745,-2.1237,-1.7755,1.7435e-05
6.6315,89.972,78.279,138.74,180.02,2.1744,-2.0731,-1.7755,2.9782e-06
6.632,90.165,78.086,138.45,180.02,2.1742,-2.0062,-1.7755,-1.1244e-05
6.6325,90.358,77.893,138.16,180.02,2.174,-1.9249,-1.7755,-2.5218e-05
6.633,90.551,77.701,137.87,180.02,2.1738,-1.8315,-1.7755,-3.893e-05
6.6335,90.744,77.508,137.58,180.02,2.1737,-1.7281,-1.7755,-5.2368e-05
6.634,90.938,77.315,137.29,180.02,2.1735,-1.6167,-1.7755,-6.5517e-05
6.6345,91.131,77.122,137.01,180.02,2.1734,-1.4995,-1.7755,-7.8366e-05
6.635,91.324,76.93,136.72,180.02,2.1732,-1.3786,-1.7755,-9.0899e-05
6.6355,91.517,76.737,136.43,180.02,2.1731,-1.2561,-1.7755,-0.0001031
6.636,91.71,76.545,136.14,180.02,2.1729,-1.1342,-1.7755,-0.00011497
6.6365,91.903,76.354,135.85,180.03,2.1728,-1.0149,-1.7755,-0.00012648
6.637,92.095,76.162,135.56,180.03,2.1727,-0.90034,-1.7755,-0.00013762
6.6375,92.288,75.972,135.27,180.03,2.1725,-0.79272,-1.7755,-0.00014838
6.638,92.481,75.781,134.99,180.03,2.1724,-0.6941,-1.7755,-0.00015875
6.6385,92.673,75.591,134.7,180.03,2.1723,-0.60662,-1.7755,-0.00016871
6.639,92.866,75.402,134.41,180.03,2.1722,-0.53237,-1.7755,-0.00017824
6.6395,93.058,75.214,134.12,180.03,2.1721,-0.47349,-1.7755,-0.00018735
6.64,93.25,75.026,133.83,180.03,2.172,-0.4321,-1.7755,-0.000196
6.6405,93.442,74.839,133.54,180.03,2.1719,-0.40056,-1.7755,-0.00020434
6.641,93.634,74.652,133.25,180.03,2.1719,-0.36989,-1.7755,-0.00021252
6.6415,93.825,74.465,132.96,180.03,2.1718,-0.34017,-1.7755,-0.00022052
6.642,94.017,74.279,132.67,180.03,2.1717,-0.31144,-1.7755,-0.00022834
6.6425,94.208,74.093,132.38,180.02,2.1717,-0.28377,-1.7755,-0.00023597
6.643,94.399,73.907,132.09,180.02,2.1716,-0.25724,-1.7755,-0.00024342
6.6435,94.59,73.721,131.8,180.02,2.1716,-0.2319,-1.7755,-0.00025067
6.644,94.781,73.537,131.51,180.01,2.1716,-0.20782,-1.7755,-0.00025772
6.6445,94.972,73.352,131.22,180.01,2.1715,-0.18506,-1.7755,-0.00026457
6.645,95.163,73.168,130.93,180.01,2.1715,-0.16369,-1.7755,-0.00027121
6.6455,95.354,72.984,130.64,180,2.1714,-0.14377,-1.7755,-0.00027764
6.646,95.545,72.801,130.35,180,2.1714,-0.12537,-1.7755,-0.00028384
6.6465,95.736,72.619,130.06,179.99,2.1714,-0.10855,-1.7755,-0.00028982
6.647,95.927,72.437,129.77,179.99,2.1713,-0.093372,-1.7755,-0.00029558
6.6475,96.118,72.255,129.48,179.99,2.1712,-0.079903,-1.7755,-0.0003011
6.648,96.309,72.074,129.19,179.98,2.1712,-0.068209,-1.7755,-0.00030637
6.6485,96.5,71.894,128.9,179.98,2.1711,-0.058352,-1.7755,-0.00031141
6.649,96.692,71.715,128.61,179.98,2.171,-0.050398,-1.7755,-0.0003162
6.6495,96.884,71.536,128.32,179.98,2.1709,-0.044412,-1.7755,-0.00032073
6.65,97.075,71.358,128.03,179.97,2.1708,-0.040456,-1.7755,-0.000325
6.6505,97.268,71.176,127.73,179.97,2.1604,-0.037619,-1.7623,-0.00032911
6.651,97.46,70.987,127.4,179.97,2.1309,-0.034942,-1.7246,-0.00033314
6.6515,97.653,70.793,127.05,179.97,2.0842,-0.032421,-1.6645,-0.00033709
6.652,97.846,70.595,126.69,179.97,2.0221,-0.03005,-1.5843,-0.00034095
6.6525,98.04,70.393,126.31,179.97,1.9467,-0.027826,-1.4864,-0.00034471
6.653,98.233,70.19,125.93,179.97,1.8598,-0.025743,-1.3732,-0.00034838
6.6535,98.427,69.987,125.54,179.97,1.7633,-0.023798,-1.2468,-0.00035195
6.654,98.621,69.784,125.16,179.97,1.6593,-0.021985,-1.1097,-0.0003554
6.6545,98.814,69.584,124.78,179.97,1.5495,-0.0203,-0.96412,-0.00035874
6.655,99.008,69.387,124.41,179.97,1.4361,-0.018739,-0.81242,-0.00036195
6.6555,99.201,69.196,124.06,179.97,1.3207,-0.017297,-0.65691,-0.00036503
6.656,99.395,69.01,123.72,179.96,1.2055,-0.01597,-0.4999,-0.00036798
6.6565,99.588,68.832,123.41,179.96,1.0923,-0.014752,-0.34371,-0.00037079
6.657,99.781,68.663,123.12,179.96,0.98305,-0.01364,-0.19065,-0.00037345
6.6575,99.973,68.504,122.87,179.96,0.87965,-0.012628,-0.043049,-0.00037596
6.658,100.17,68.356,122.65,179.96,0.78406,-0.011712,0.096786,-0.00037831
6.6585,100.36,68.221,122.48,179.96,0.69818,-0.010889,0.22653,-0.00038049
6.659,100.55,68.101,122.35,179.96,0.62395,-0.010152,0.34388,-0.00038251
6.6595,100.74,67.995,122.27,179.96,0.56329,-0.0094981,0.44651,-0.00038434
6.66,100.93,67.906,122.24,179.96,0.51814,-0.008922,0.5321,-0.000386
6.6605,101.12,67.829,122.26,179.95,0.48168,-0.0083959,0.60885,-0.00038754
6.661,101.31,67.758,122.32,179.94,0.44593,-0.0078945,0.68622,-0.00038903
6.6615,101.5,67.692,122.42,179.92,0.41098,-0.0074171,0.76376,-0.00039048
6.662,101.7,67.63,122.55,179.9,0.37695,-0.0069632,0.84101,-0.00039188
6.6625,101.89,67.573,122.71,179.87,0.34394,-0.0065322,0.91752,-0.00039324
6.663,102.09,67.519,122.9,179.84,0.31206,-0.0061236,0.99286,-0.00039454
6.6635,102.28,67.469,123.12,179.8,0.28143,-0.0057367,1.0666,-0.00039579
6.664,102.48,67.421,123.36,179.77,0.25214,-0.005371,1.1382,-0.000397
6.6645,102.67,67.375,123.61,179.73,0.22431,-0.005026,1.2073,-0.00039814
6.665,102.87,67.33,123.88,179.69,0.19804,-0.0047009,1.2734,-0.00039924
6.6655,103.06,67.287,124.17,179.65,0.17345,-0.0043954,1.3361,-0.00040028
6.666,103.25,67.245,124.46,179.61,0.15064,-0.0041087,1.3949,-0.00040126
6.6665,103.44,67.202,124.77,179.57,0.12971,-0.0038404,1.4494,-0.00040219
6.667,103.62,67.159,125.07,179.53,0.11079,-0.0035898,1.4991,-0.00040306
6.6675,103.8,67.116,125.38,179.5,0.09397,-0.0033564,1.5436,-0.00040387
6.668,103.98,67.07,125.68,179.47,0.079366,-0.0031396,1.5824,-0.00040462
6.6685,104.16,67.023,125.98,179.44,0.067084,-0.0029388,1.6151,-0.00040531
6.669,104.33,66.974,126.27,179.42,0.057232,-0.0027535,1.6412,-0.00040594
6.6695,104.5,66.921,126.54,179.4,0.049919,-0.0025831,1.6603,-0.0004065
6.67,104.66,66.865,126.81,179.39,0.045253,-0.002427,1.672,-0.000407
6.6705,104.82,66.807,127.07,179.38,0.042039,-0.0022807,1.6795,-0.00040745
6.671,104.98,66.748,127.33,179.37,0.039007,-0.00214,1.6867,-0.00040788
6.6715,105.14,66.689,127.6,179.37,0.036152,-0.0020049,1.6934,-0.00040828
6.672,105.3,66.629,127.88,179.36,0.033469,-0.0018753,1.6997,-0.00040867
6.6725,105.46,66.569,128.16,179.35,0.030952,-0.0017512,1.7056,-0.00040903
6.673,105.62,66.508,128.44,179.34,0.028596,-0.0016324,1.7112,-0.00040937
6.6735,105.77,66.446,128.73,179.34,0.026397,-0.0015188,1.7164,-0.00040969
6.674,105.92,66.383,129.02,179.33,0.024349,-0.0014105,1.7212,-0.00041
6.6745,106.07,66.32,129.31,179.33,0.022447,-0.0013073,1.7257,-0.00041029
6.675,106.22,66.256,129.61,179.32,0.020686,-0.0012092,1.7299,-0.00041057
6.6755,106.36,66.191,129.91,179.31,0.019061,-0.0011161,1.7337,-0.00041083
6.676,106.51,66.125,130.21,179.31,0.017566,-0.0010279,1.7372,-0.00041109
6.6765,106.64,66.058,130.51,179.31,0.016197,-0.00094453,1.7404,-0.00041134
6.677,106.78,65.99,130.81,179.3,0.014949,-0.00086596,1.7434,-0.00041159
6.6775,106.91,65.921,131.11,179.3,0.013816,-0.00079211,1.746,-0.00041182
6.678,107.04,65.852,131.41,179.3,0.012793,-0.0007229,1.7483,-0.00041206
6.6785,107.16,65.781,131.7,179.29,0.011876,-0.00065825,1.7504,-0.00041229
6.679,107.27,65.709,132,179.29,0.011059,-0.0005981,1.7523,-0.00041253
6.6795,107.39,65.635,132.29,179.29,0.010336,-0.00054237,1.7539,-0.00041276
6.68,107.49,65.561,132.58,179.29,0.009704,-0.000491,1.7552,-0.000413
6.6805,107.6,65.485,132.87,179.29,0.0091286,-0.00044262,1.7564,-0.00041324
6.681,107.7,65.407,133.16,179.29,0.0085806,-0.00039591,1.7576,-0.00041349
6.6815,107.8,65.328,133.45,179.29,0.0080592,-0.00035087,1.7587,-0.00041373
6.682,107.9,65.247,133.74,179.29,0.0075639,-0.00030748,1.7597,-0.00041398
6.6825,108,65.164,134.03,179.29,0.0070938,-0.00026574,1.7607,-0.00041422
6.683,108.1,65.08,134.32,179.29,0.0066485,-0.00022564,1.7616,-0.00041447
6.6835,108.2,64.994,134.6,179.29,0.0062272,-0.00018716,1.7625,-0.00041471
6.684,108.29,64.908,134.89,179.3,0.0058293,-0.0001503,1.7633,-0.00041495
6.6845,108.38,64.819,135.18,179.3,0.0054542,-0.00011506,1.7641,-0.00041518
6.685,108.47,64.73,135.47,179.3,0.0051011,-8.1409e-05,1.7649,-0.0004154
6.6855,108.56,64.64,135.76,179.3,0.0047695,-4.9354e-05,1.7655,-0.00041562
6.686,108.64,64.549,136.05,179.3,0.0044586,-1.8883e-05,1.7662,-0.00041582
6.6865,108.72,64.457,136.34,179.3,0.0041679,1.0015e-05,1.7668,-0.00041602
6.687,108.79,64.364,136.63,179.3,0.0038966,3.7349e-05,1.7673,-0.0004162
6.6875,108.86,64.271,136.92,179.3,0.0036441,6.3127e-05,1.7678,-0.00041637
6.688,108.93,64.177,137.2,179.3,0.0034098,8.7358e-05,1.7683,-0.00041653
6.6885,108.99,64.082,137.49,179.3,0.003193,0.00011005,1.7688,-0.00041668
6.689,109.04,63.988,137.78,179.3,0.002993,0.00013122,1.7692,-0.0004168
6.6895,109.09,63.892,138.07,179.3,0.0028092,0.00015086,1.7695,-0.00041691
6.69,109.14,63.797,138.36,179.3,0.002641,0.000169,1.7699,-0.000417
6.6905,109.18,63.698,138.65,179.3,0.0024834,0.0001861,1.7702,-0.00041708
6.691,109.22,63.593,138.94,179.3,0.0023319,0.00020264,1.7705,-0.00041716
6.6915,109.25,63.482,139.23,179.3,0.0021865,0.00021861,1.7708,-0.00041723
6.692,109.29,63.367,139.52,179.3,0.002047,0.00023401,1.7711,-0.00041731
6.6925,109.32,63.249,139.81,179.3,0.0019134,0.00024886,1.7713,-0.00041738
6.693,109.34,63.128,140.1,179.3,0.0017857,0.00026314,1.7716,-0.00041745
6.6935,109.37,63.006,140.39,179.3,0.0016636,0.00027687,1.7718,-0.00041752
6.694,109.4,62.883,140.67,179.3,0.0015472,0.00029004,1.7721,-0.00041758
6.6945,109.42,62.761,140.96,179.3,0.0014363,0.00030265,1.7723,-0.00041764
6.695,109.45,62.64,141.25,179.3,0.0013309,0.0003147,1.7725,-0.0004177
6.6955,109.47,62.521,141.54,179.3,0.001231,0.0003262,1.7727,-0.00041775
6.696,109.5,62.406,141.83,179.3,0.0011363,0.00033715,1.7729,-0.0004178
6.6965,109.52,62.295,142.12,179.3,0.0010469,0.00034755,1.7731,-0.00041785
6.697,109.54,62.189,142.41,179.3,0.00096262,0.0003574,1.7732,-0.00041788
6.6975,109.57,62.089,142.7,179.3,0.00088345,0.00036669,1.7734,-0.00041792
6.698,109.59,61.996,142.99,179.3,0.00080928,0.00037545,1.7735,-0.00041795
6.6985,109.62,61.912,143.28,179.3,0.00074003,0.00038365,1.7737,-0.00041797
6.699,109.64,61.836,143.57,179.3,0.00067562,0.00039131,1.7738,-0.00041799
6.6995,109.67,61.771,143.85,179.29,0.00061597,0.00039843,1.7739,-0.000418
6.7,109.7,61.716,144.14,179.29,0.000561,0.000405,1.774,-0.000418
6.7005,109.73,61.667,144.43,179.29,0.00050925,0.0004112,1.7741,-0.00041729
6.701,109.77,61.619,144.72,179.27,0.0004593,0.0004172,1.7742,-0.00041516
6.7015,109.8,61.571,145.01,179.24,0.00041115,0.00042299,1.7743,-0.0004116
6.702,109.83,61.525,145.3,179.19,0.00036477,0.00042859,1.7744,-0.00040663
6.7025,109.87,61.479,145.58,179.14,0.00032016,0.00043398,1.7745,-0.00040024
6.703,109.91,61.434,145.87,179.08,0.00027731,0.00043917,1.7746,-0.00039243
6.7035,109.94,61.392,146.16,179.02,0.00023621,0.00044416,1.7747,-0.00038321
6.704,109.98,61.351,146.45,178.94,0.00019684,0.00044895,1.7747,-0.00037257
6.7045,110.02,61.312,146.74,178.86,0.0001592,0.00045354,1.7748,-0.00036051
6.705,110.06,61.275,147.02,178.77,0.00012328,0.00045793,1.7749,-0.00034705
6.7055,110.09,61.24,147.31,178.68,8.9057e-05,0.00046212,1.7749,-0.00033217
6.706,110.13,61.209,147.6,178.59,5.653e-05,0.00046611,1.775,-0.00031589
6.7065,110.17,61.18,147.89,178.49,2.5687e-05,0.00046991,1.7751,-0.0002982
6.707,110.2,61.154,148.18,178.39,-3.4845e-06,0.00047351,1.7751,-0.0002791
6.7075,110.23,61.132,148.46,178.29,-3.0994e-05,0.00047691,1.7752,-0.00025859
6.708,110.26,61.113,148.75,178.18,-5.6854e-05,0.00048012,1.7752,-0.00023668
6.7085,110.29,61.098,149.04,178.08,-8.1073e-05,0.00048313,1.7753,-0.00021336
6.709,110.32,61.087,149.33,177.98,-0.00010366,0.00048595,1.7753,-0.00018864
6.7095,110.35,61.08,149.61,177.88,-0.00012464,0.00048857,1.7754,-0.00016252
6.71,110.37,61.078,149.9,177.79,-0.000144,0.000491,1.7754,-0.000135
6.7105,110.39,61.078,150.19,177.69,-0.00016226,0.0004933,1.7754,0.00017061
6.711,110.41,61.08,150.48,177.59,-0.00017992,0.00049553,1.7755,0.0010249
6.7115,110.43,61.083,150.77,177.47,-0.00019697,0.00049769,1.7755,0.0024188
6.712,110.46,61.087,151.05,177.36,-0.00021342,0.00049977,1.7755,0.004343
6.7125,110.48,61.091,151.34,177.24,-0.00022927,0.00050179,1.7756,0.0067885
6.713,110.5,61.097,151.63,177.11,-0.00024452,0.00050374,1.7756,0.0097461
6.7135,110.52,61.102,151.92,176.98,-0.00025917,0.00050561,1.7756,0.013207
6.714,110.54,61.109,152.2,176.85,-0.00027323,0.00050741,1.7757,0.017161
6.7145,110.56,61.115,152.49,176.72,-0.00028669,0.00050913,1.7757,0.0216
6.715,110.58,61.122,152.78,176.58,-0.00029956,0.00051078,1.7757,0.026515
6.7155,110.6,61.129,153.06,176.44,-0.00031184,0.00051236,1.7757,0.031896
6.716,110.61,61.136,153.35,176.31,-0.00032353,0.00051386,1.7758,0.037734
6.7165,110.63,61.143,153.64,176.17,-0.00033463,0.00051528,1.7758,0.04402
6.717,110.64,61.149,153.93,176.04,-0.00034514,0.00051662,1.7758,0.050745
6.7175,110.65,61.155,154.21,175.91,-0.00035507,0.00051788,1.7758,0.057901
6.718,110.67,61.16,154.5,175.78,-0.00036442,0.00051907,1.7759,0.065476
6.7185,110.67,61.165,154.79,175.65,-0.00037318,0.00052017,1.7759,0.073464
6.719,110.68,61.169,155.08,175.53,-0.00038137,0.0005212,1.7759,0.081853
6.7195,110.68,61.172,155.37,175.41,-0.00038897,0.00052214,1.7759,0.090636
6.72,110.68,61.174,155.65,175.3,-0.000396,0.000523,1.7759,0.099803
6.7205,110.68,61.175,155.94,175.18,-0.00040263,0.0005238,1.7759,0.11887
6.721,110.68,61.176,156.23,175.06,-0.00040906,0.00052458,1.7759,0.156
6.7215,110.68,61.178,156.52,174.94,-0.00041527,0.00052533,1.776,0.20913
6.722,110.68,61.179,156.81,174.81,-0.00042127,0.00052605,1.776,0.2762
6.7225,110.68,61.18,157.1,174.68,-0.00042705,0.00052675,1.776,0.35516
6.723,110.68,61.181,157.39,174.55,-0.00043263,0.00052741,1.776,0.44393
6.7235,110.68,61.183,157.68,174.42,-0.00043799,0.00052805,1.776,0.54048
6.724,110.68,61.184,157.96,174.29,-0.00044313,0.00052867,1.776,0.64273
6.7245,110.68,61.185,158.25,174.17,-0.00044806,0.00052925,1.776,0.74863
6.725,110.68,61.186,158.54,174.05,-0.00045278,0.00052981,1.776,0.85612
6.7255,110.68,61.186,158.83,173.93,-0.00045728,0.00053035,1.776,0.96314
6.726,110.68,61.187,159.12,173.82,-0.00046156,0.00053085,1.776,1.0676
6.7265,110.68,61.188,159.41,173.72,-0.00046563,0.00053134,1.7761,1.1676
6.727,110.68,61.188,159.7,173.63,-0.00046948,0.00053179,1.7761,1.2608
6.7275,110.68,61.189,159.99,173.54,-0.00047311,0.00053222,1.7761,1.3454
6.728,110.68,61.189,160.28,173.48,-0.00047653,0.00053263,1.7761,1.4192
6.7285,110.68,61.19,160.57,173.42,-0.00047972,0.00053301,1.7761,1.4802
6.729,110.68,61.19,160.86,173.38,-0.0004827,0.00053336,1.7761,1.5263
6.7295,110.68,61.19,161.15,173.35,-0.00048546,0.00053369,1.7761,1.5555
6.73,110.68,61.19,161.44,173.34,-0.000488,0.000534,1.7761,1.5657
6.7305,110.7,61.19,161.73,173.38,-0.00049039,0.00053429,1.7761,1.5558
6.731,110.74,61.19,162.01,173.49,-0.00049269,0.00053456,1.7761,1.5275
6.7315,110.81,61.19,162.3,173.66,-0.00049491,0.00053483,1.7761,1.4828
6.732,110.9,61.19,162.59,173.89,-0.00049705,0.00053508,1.7761,1.4237
6.7325,111.01,61.189,162.88,174.17,-0.00049911,0.00053533,1.7761,1.3521
6.733,111.14,61.189,163.17,174.49,-0.00050109,0.00053556,1.7761,1.2701
6.7335,111.28,61.189,163.46,174.84,-0.000503,0.00053578,1.7761,1.1796
6.734,111.44,61.188,163.75,175.22,-0.00050482,0.000536,1.7761,1.0826
6.7345,111.61,61.188,164.04,175.62,-0.00050657,0.0005362,1.7761,0.98104
6.735,111.78,61.187,164.33,176.03,-0.00050824,0.0005364,1.7761,0.87699
6.7355,111.97,61.187,164.62,176.45,-0.00050984,0.00053659,1.7762,0.77242
6.736,112.15,61.187,164.91,176.86,-0.00051136,0.00053677,1.7762,0.66929
6.7365,112.34,61.186,165.2,177.26,-0.00051281,0.00053695,1.7762,0.56959
6.737,112.53,61.186,165.49,177.64,-0.00051419,0.00053711,1.7762,0.47531
6.7375,112.71,61.186,165.78,177.99,-0.0005155,0.00053727,1.7762,0.38844
6.738,112.89,61.185,166.07,178.32,-0.00051673,0.00053743,1.7762,0.31096
6.7385,113.06,61.185,166.36,178.6,-0.0005179,0.00053758,1.7762,0.24486
6.739,113.22,61.185,166.65,178.83,-0.000519,0.00053772,1.7762,0.19211
6.7395,113.36,61.185,166.94,179.01,-0.00052003,0.00053786,1.7762,0.15472
6.74,113.49,61.185,167.22,179.12,-0.000521,0.000538,1.7762,0.13465
6.7405,113.62,61.195,167.51,179.2,-0.00052192,0.00053813,1.7762,0.12418
6.741,113.75,61.224,167.8,179.28,-0.00052282,0.00053827,1.7762,0.11424
6.7415,113.88,61.27,168.09,179.35,-0.00052369,0.00053841,1.7761,0.10481
6.742,114.02,61.331,168.38,179.42,-0.00052454,0.00053855,1.7761,0.095898
6.7425,114.16,61.406,168.67,179.49,-0.00052537,0.00053869,1.7761,0.087494
6.743,114.3,61.493,168.96,179.56,-0.00052616,0.00053882,1.7761,0.079592
6.7435,114.44,61.589,169.25,179.62,-0.00052693,0.00053896,1.776,0.072187
6.744,114.58,61.694,169.54,179.68,-0.00052767,0.00053909,1.776,0.065274
6.7445,114.71,61.806,169.83,179.74,-0.00052839,0.00053921,1.7759,0.058846
6.745,114.84,61.922,170.12,179.79,-0.00052907,0.00053933,1.7758,0.052899
6.7455,114.97,62.041,170.41,179.83,-0.00052972,0.00053945,1.7758,0.047426
6.746,115.09,62.16,170.7,179.88,-0.00053033,0.00053955,1.7757,0.042422
6.7465,115.2,62.28,170.99,179.92,-0.00053092,0.00053965,1.7756,0.037881
6.747,115.3,62.396,171.28,179.95,-0.00053147,0.00053974,1.7755,0.033797
6.7475,115.39,62.509,171.56,179.98,-0.00053198,0.00053981,1.7754,0.030166
6.748,115.46,62.615,171.85,180.01,-0.00053246,0.00053988,1.7753,0.026981
6.7485,115.53,62.714,172.14,180.03,-0.0005329,0.00053993,1.7752,0.024237
6.749,115.58,62.803,172.43,180.04,-0.00053331,0.00053997,1.7751,0.021929
6.7495,115.61,62.881,172.72,180.05,-0.00053367,0.00053999,1.775,0.020049
6.75,115.63,62.945,173.01,180.05,-0.000534,0.00054,1.7749,0.018594
6.7505,115.64,63.002,173.31,180.05,-0.0005343,0.00054,1.766,0.017382
6.751,115.65,63.058,173.62,180.05,-0.00053458,0.00054,1.7407,0.016235
6.7515,115.66,63.112,173.94,180.05,-0.00053485,0.00054,1.7007,0.015152
6.752,115.66,63.165,174.28,180.05,-0.00053511,0.00054,1.6477,0.014131
6.7525,115.67,63.217,174.62,180.05,-0.00053536,0.00054,1.5833,0.013169
6.753,115.67,63.267,174.96,180.04,-0.0005356,0.00054,1.5092,0.012265
6.7535,115.68,63.316,175.31,180.04,-0.00053582,0.00054,1.427,0.011417
6.754,115.68,63.364,175.65,180.04,-0.00053603,0.00054,1.3384,0.010624
6.7545,115.68,63.41,175.99,180.04,-0.00053624,0.00054,1.2451,0.0098824
6.755,115.69,63.454,176.33,180.03,-0.00053643,0.00054,1.1488,0.0091914
6.7555,115.69,63.497,176.65,180.03,-0.00053662,0.00054,1.0511,0.008549
6.756,115.69,63.538,176.97,180.03,-0.0005368,0.00054,0.95363,0.0079534
6.7565,115.7,63.577,177.27,180.03,-0.00053697,0.00054,0.85814,0.0074025
6.757,115.7,63.614,177.56,180.02,-0.00053713,0.00054,0.76627,0.0068946
6.7575,115.7,63.649,177.83,180.02,-0.00053729,0.00054,0.67968,0.0064278
6.758,115.71,63.683,178.07,180.02,-0.00053744,0.00054,0.60005,0.0060002
6.7585,115.71,63.714,178.3,180.02,-0.00053758,0.00054,0.52903,0.00561
6.759,115.72,63.744,178.5,180.02,-0.00053773,0.00054,0.46829,0.0052553
6.7595,115.73,63.771,178.66,180.02,-0.00053787,0.00054,0.41951,0.0049343
6.76,115.73,63.796,178.8,180.02,-0.000538,0.00054,0.38434,0.004645
6.7605,115.75,63.82,178.92,180.02,-0.00053813,0.00054001,0.35685,0.0043769
6.761,115.77,63.844,179.04,180.02,-0.00053827,0.00054003,0.33003,0.0041204
6.7615,115.79,63.868,179.16,180.02,-0.00053841,0.00054006,0.30395,0.0038753
6.762,115.82,63.891,179.28,180.02,-0.00053855,0.0005401,0.27868,0.0036414
6.7625,115.85,63.915,179.39,180.02,-0.00053869,0.00054016,0.25427,0.0034185
6.763,115.89,63.938,179.5,180.02,-0.00053882,0.00054022,0.2308,0.0032063
6.7635,115.93,63.96,179.6,180.02,-0.00053896,0.00054028,0.20832,0.0030045
6.764,115.97,63.981,179.7,180.02,-0.00053909,0.00054035,0.18691,0.0028131
6.7645,116.02,64.002,179.79,180.02,-0.00053921,0.00054043,0.16663,0.0026317
6.765,116.06,64.022,179.88,180.02,-0.00053933,0.0005405,0.14755,0.0024602
6.7655,116.11,64.04,179.96,180.02,-0.00053945,0.00054057,0.12972,0.0022982
6.766,116.15,64.057,180.04,180.03,-0.00053955,0.00054065,0.11322,0.0021456
6.7665,116.2,64.072,180.11,180.03,-0.00053965,0.00054072,0.098117,0.0020022
6.767,116.24,64.086,180.17,180.03,-0.00053974,0.00054078,0.084467,0.0018676
6.7675,116.28,64.098,180.22,180.03,-0.00053981,0.00054084,0.072338,0.0017418
6.768,116.32,64.109,180.26,180.03,-0.00053988,0.0005409,0.061796,0.0016244
6.7685,116.35,64.117,180.3,180.03,-0.00053993,0.00054094,0.052907,0.0015153
6.769,116.38,64.123,180.33,180.03,-0.00053997,0.00054097,0.045736,0.0014141
6.7695,116.41,64.127,180.34,180.03,-0.00053999,0.00054099,0.040348,0.0013208
6.77,116.43,64.128,180.35,180.03,-0.00054,0.000541,0.036809,0.001235
6.7705,116.45,64.127,180.35,180.03,-0.00054,0.000541,0.034288,0.0011544
6.771,116.47,64.126,180.34,180.03,-0.00054,0.000541,0.031909,0.0010768
6.7715,116.48,64.123,180.33,180.03,-0.00054,0.000541,0.029668,0.0010021
6.772,116.5,64.12,180.32,180.03,-0.00054,0.000541,0.027561,0.00093034
6.7725,116.52,64.116,180.31,180.03,-0.00054,0.000541,0.025584,0.00086145
6.773,116.53,64.111,180.29,180.03,-0.00054,0.000541,0.023732,0.00079541
6.7735,116.55,64.106,180.28,180.03,-0.00054,0.000541,0.022003,0.00073219
6.774,116.56,64.1,180.26,180.03,-0.00054,0.000541,0.020391,0.00067177
6.7745,116.58,64.094,180.24,180.03,-0.00054,0.000541,0.018894,0.0006141
6.775,116.59,64.088,180.22,180.03,-0.00054,0.000541,0.017506,0.00055918
6.7755,116.6,64.082,180.2,180.03,-0.00054,0.000541,0.016224,0.00050696
6.776,116.61,64.076,180.18,180.03,-0.00054,0.000541,0.015044,0.00045742
6.7765,116.63,64.071,180.16,180.03,-0.00054,0.000541,0.013961,0.00041053
6.777,116.63,64.065,180.14,180.03,-0.00054,0.000541,0.012973,0.00036625
6.7775,116.64,64.061,180.13,180.03,-0.00054,0.000541,0.012074,0.00032457
6.778,116.65,64.056,180.11,180.03,-0.00054,0.000541,0.011261,0.00028545
6.7785,116.66,64.053,180.1,180.03,-0.00054,0.000541,0.010529,0.00024886
6.779,116.66,64.05,180.09,180.03,-0.00054,0.000541,0.0098759,0.00021478
6.7795,116.66,64.049,180.08,180.03,-0.00054,0.000541,0.0092961,0.00018316
6.78,116.67,64.048,180.08,180.03,-0.00054,0.000541,0.008786,0.000154
6.7805,116.67,64.048,180.08,180.03,-0.00054001,0.000541,0.0083205,0.00012652
6.781,116.67,64.048,180.08,180.03,-0.00054003,0.000541,0.0078769,9.9961e-05
6.7815,116.67,64.048,180.07,180.03,-0.00054006,0.000541,0.0074546,7.4335e-05
6.782,116.67,64.049,180.07,180.03,-0.0005401,0.000541,0.0070531,4.9632e-05
6.7825,116.67,64.049,180.07,180.03,-0.00054016,0.000541,0.0066719,2.5849e-05
6.783,116.67,64.049,180.07,180.03,-0.00054022,0.000541,0.0063105,2.9829e-06
6.7835,116.67,64.049,180.07,180.03,-0.00054028,0.000541,0.0059684,-1.8971e-05
6.784,116.67,64.05,180.07,180.03,-0.00054035,0.000541,0.0056451,-4.0016e-05
6.7845,116.67,64.05,180.06,180.03,-0.00054043,0.000541,0.00534,-6.0155e-05
6.785,116.67,64.051,180.06,180.03,-0.0005405,0.000541,0.0050527,-7.9393e-05
6.7855,116.67,64.051,180.06,180.03,-0.00054057,0.000541,0.0047827,-9.7733e-05
6.786,116.67,64.051,180.06,180.03,-0.00054065,0.000541,0.0045293,-0.00011518
6.7865,116.67,64.052,180.06,180.03,-0.00054072,0.000541,0.0042922,-0.00013173
6.787,116.67,64.052,180.06,180.03,-0.00054078,0.000541,0.0040708,-0.0001474
6.7875,116.67,64.053,180.06,180.03,-0.00054084,0.000541,0.0038647,-0.00016219
6.788,116.67,64.053,180.06,180.03,-0.0005409,0.000541,0.0036732,-0.0001761
6.7885,116.67,64.054,180.06,180.03,-0.00054094,0.000541,0.0034959,-0.00018913
6.789,116.67,64.054,180.06,180.03,-0.00054097,0.000541,0.0033323,-0.00020128
6.7895,116.67,64.055,180.05,180.03,-0.00054099,0.000541,0.0031818,-0.00021257
6.79,116.67,64.055,180.05,180.03,-0.000541,0.000541,0.003044,-0.000223
6.7905,116.67,64.056,180.05,180.03,-0.000541,0.000541,0.0029149,-0.00023283
6.791,116.67,64.057,180.05,180.03,-0.000541,0.000541,0.0027907,-0.00024234
6.7915,116.67,64.058,180.05,180.03,-0.000541,0.000541,0.0026715,-0.00025153
6.792,116.67,64.059,180.05,180.03,-0.000541,0.000541,0.0025571,-0.00026039
6.7925,116.67,64.06,180.05,180.03,-0.000541,0.000541,0.0024476,-0.00026893
6.793,116.67,64.061,180.04,180.03,-0.000541,0.000541,0.0023427,-0.00027715
6.7935,116.67,64.062,180.04,180.03,-0.000541,0.000541,0.0022426,-0.00028505
6.794,116.67,64.063,180.04,180.03,-0.000541,0.000541,0.002147,-0.00029264
6.7945,116.67,64.065,180.04,180.03,-0.000541,0.000541,0.002056,-0.0002999
6.795,116.67,64.066,180.04,180.03,-0.000541,0.000541,0.0019694,-0.00030685
6.7955,116.67,64.067,180.04,180.03,-0.000541,0.000541,0.0018873,-0.00031348
6.796,116.67,64.068,180.04,180.03,-0.000541,0.000541,0.0018095,-0.00031979
6.7965,116.67,64.069,180.03,180.03,-0.000541,0.000541,0.001736,-0.00032579
6.797,116.67,64.07,180.03,180.03,-0.000541,0.000541,0.0016667,-0.00033147
6.7975,116.67,64.071,180.03,180.03,-0.000541,0.000541,0.0016015,-0.00033684
6.798,116.67,64.072,180.03,180.03,-0.000541,0.000541,0.0015405,-0.00034189
6.7985,116.67,64.073,180.03,180.03,-0.000541,0.000541,0.0014835,-0.00034664
6.799,116.67,64.073,180.03,180.03,-0.000541,0.000541,0.0014305,-0.00035107
6.7995,116.67,64.074,180.03,180.03,-0.000541,0.000541,0.0013813,-0.00035519
6.8,116.67,64.074,180.03,180.03,-0.000541,0.000541,0.001336,-0.000359
6.8005,116.67,64.074,180.03,180.03,-0.000541,0.000541,0.0012933,-0.0003626
6.801,116.67,64.074,180.03,180.03,-0.000541,0.000541,0.0012521,-0.00036608
6.8015,116.67,64.074,180.03,180.03,-0.000541,0.000541,0.0012124,-0.00036946
6.802,116.67,64.073,180.03,180.04,-0.000541,0.000541,0.0011742,-0.00037271
6.8025,116.67,64.073,180.03,180.04,-0.000541,0.000541,0.0011373,-0.00037585
6.803,116.67,64.073,180.03,180.04,-0.000541,0.000541,0.001102,-0.00037888
6.8035,116.66,64.073,180.03,180.04,-0.000541,0.000541,0.001068,-0.00038179
6.804,116.66,64.072,180.03,180.04,-0.000541,0.000541,0.0010355,-0.00038459
6.8045,116.66,64.072,180.03,180.04,-0.000541,0.000541,0.0010045,-0.00038727
6.805,116.66,64.071,180.03,180.04,-0.000541,0.000541,0.00097479,-0.00038983
6.8055,116.66,64.071,180.03,180.04,-0.000541,0.000541,0.00094652,-0.00039228
6.806,116.66,64.071,180.03,180.04,-0.000541,0.000541,0.00091965,-0.00039461
6.8065,116.66,64.07,180.03,180.04,-0.000541,0.000541,0.00089417,-0.00039682
6.807,116.66,64.07,180.03,180.04,-0.000541,0.000541,0.00087007,-0.00039892
6.8075,116.65,64.069,180.03,180.04,-0.000541,0.000541,0.00084734,-0.00040089
6.808,116.65,64.069,180.03,180.04,-0.000541,0.000541,0.00082597,-0.00040275
6.8085,116.65,64.069,180.03,180.04,-0.000541,0.000541,0.00080597,-0.00040449
6.809,116.65,64.068,180.03,180.04,-0.000541,0.000541,0.00078731,-0.00040611
6.8095,116.65,64.068,180.03,180.04,-0.000541,0.000541,0.00076999,-0.00040762
6.81,116.65,64.068,180.03,180.04,-0.000541,0.000541,0.000754,-0.000409
6.8105,116.65,64.067,180.03,180.04,-0.000541,0.000541,0.00073892,-0.0004103
6.811,116.65,64.067,180.03,180.05,-0.000541,0.000541,0.00072434,-0.00041156
6.8115,116.65,64.066,180.03,180.05,-0.000541,0.000541,0.00071026,-0.00041277
6.812,116.65,64.066,180.03,180.05,-0.000541,0.000541,0.00069667,-0.00041394
6.8125,116.65,64.066,180.03,180.05,-0.000541,0.000541,0.00068357,-0.00041506
6.813,116.64,64.065,180.02,180.05,-0.000541,0.000541,0.00067097,-0.00041614
6.8135,116.64,64.065,180.02,180.05,-0.000541,0.000541,0.00065886,-0.00041718
6.814,116.64,64.065,180.02,180.05,-0.000541,0.000541,0.00064724,-0.00041818
6.8145,116.64,64.064,180.02,180.05,-0.000541,0.000541,0.00063611,-0.00041914
6.815,116.64,64.064,180.02,180.05,-0.000541,0.000541,0.00062547,-0.00042005
6.8155,116.64,64.064,180.02,180.05,-0.000541,0.000541,0.00061533,-0.00042092
6.816,116.64,64.063,180.02,180.05,-0.000541,0.000541,0.00060567,-0.00042175
6.8165,116.64,64.063,180.01,180.05,-0.000541,0.000541,0.0005965,-0.00042255
6.817,116.64,64.062,180.01,180.05,-0.000541,0.000541,0.00058783,-0.0004233
6.8175,116.64,64.062,180.01,180.05,-0.000541,0.000541,0.00057964,-0.00042401
6.818,116.64,64.062,180.01,180.05,-0.000541,0.000541,0.00057194,-0.00042468
6.8185,116.64,64.061,180.01,180.05,-0.000541,0.000541,0.00056472,-0.00042532
6.819,116.64,64.061,180.01,180.05,-0.000541,0.000541,0.000558,-0.00042592
6.8195,116.64,64.061,180.01,180.05,-0.000541,0.000541,0.00055176,-0.00042648
6.82,116.64,64.06,180.01,180.05,-0.000541,0.000541,0.000546,-0.000427
6.8205,116.64,64.06,180,180.05,-0.000541,0.000541,0.00054058,-0.0004275
6.821,116.64,64.059,180,180.05,-0.000541,0.000541,0.00053534,-0.00042798
6.8215,116.64,64.059,180,180.05,-0.000541,0.000541,0.00053028,-0.00042846
6.822,116.64,64.058,180,180.05,-0.000541,0.000541,0.00052539,-0.00042892
6.8225,116.63,64.058,180,180.05,-0.000541,0.000541,0.00052069,-0.00042937
6.823,116.63,64.057,180,180.06,-0.000541,0.000541,0.00051616,-0.0004298
6.8235,116.63,64.057,180,180.06,-0.000541,0.000541,0.00051181,-0.00043022
6.824,116.63,64.056,179.99,180.06,-0.000541,0.000541,0.00050764,-0.00043062
6.8245,116.63,64.056,179.99,180.06,-0.000541,0.000541,0.00050364,-0.000431
6.825,116.63,64.055,179.99,180.06,-0.000541,0.000541,0.00049982,-0.00043137
6.8255,116.63,64.055,179.99,180.06,-0.000541,0.000541,0.00049617,-0.00043172
6.826,116.63,64.054,179.99,180.06,-0.000541,0.000541,0.00049269,-0.00043206
6.8265,116.63,64.054,179.99,180.06,-0.000541,0.000541,0.00048938,-0.00043237
6.827,116.63,64.053,179.99,180.06,-0.000541,0.000541,0.00048625,-0.00043267
6.8275,116.63,64.053,179.99,180.06,-0.000541,0.000541,0.00048329,-0.00043294
6.828,116.63,64.053,179.99,180.06,-0.000541,0.000541,0.00048049,-0.0004332
6.8285,116.63,64.053,179.99,180.06,-0.000541,0.000541,0.00047787,-0.00043343
6.829,116.63,64.052,179.99,180.06,-0.000541,0.000541,0.00047541,-0.00043364
6.8295,116.63,64.052,179.99,180.06,-0.000541,0.000541,0.00047312,-0.00043383
6.83,116.63,64.052,179.98,180.06,-0.000541,0.000541,0.000471,-0.000434
6.8305,116.63,64.052,179.99,180.06,-0.000541,0.000541,0.00046899,-0.00043415
6.831,116.63,64.052,179.99,180.06,-0.000541,0.000541,0.00046705,-0.0004343
6.8315,116.62,64.053,179.99,180.06,-0.000541,0.000541,0.00046516,-0.00043443
6.832,116.62,64.053,179.99,180.06,-0.000541,0.000541,0.00046334,-0.00043456
6.8325,116.62,64.054,179.99,180.06,-0.000541,0.000541,0.00046158,-0.00043469
6.833,116.62,64.054,179.99,180.06,-0.000541,0.000541,0.00045989,-0.00043481
6.8335,116.62,64.055,179.99,180.06,-0.000541,0.000541,0.00045825,-0.00043492
6.834,116.62,64.055,179.99,180.06,-0.000541,0.000541,0.00045669,-0.00043502
6.8345,116.62,64.056,179.99,180.06,-0.000541,0.000541,0.00045518,-0.00043513
6.835,116.61,64.057,179.99,180.06,-0.000541,0.000541,0.00045375,-0.00043522
6.8355,116.61,64.058,179.99,180.06,-0.000541,0.000541,0.00045237,-0.00043531
6.836,116.61,64.059,179.99,180.06,-0.000541,0.000541,0.00045106,-0.0004354
6.8365,116.61,64.059,179.99,180.06,-0.000541,0.000541,0.00044982,-0.00043549
6.837,116.61,64.06,179.99,180.06,-0.000541,0.000541,0.00044865,-0.00043557
6.8375,116.61,64.061,179.99,180.05,-0.000541,0.000541,0.00044754,-0.00043565
6.838,116.6,64.062,179.99,180.05,-0.000541,0.000541,0.00044649,-0.00043572
6.8385,116.6,64.063,179.99,180.05,-0.000541,0.000541,0.00044552,-0.00043579
6.839,116.6,64.063,179.99,180.05,-0.000541,0.000541,0.00044461,-0.00043586
6.8395,116.6,64.064,179.99,180.05,-0.000541,0.000541,0.00044377,-0.00043593
6.84,116.6,64.064,179.99,180.05,-0.000541,0.000541,0.000443,-0.000436
6.8405,116.6,64.065,179.99,180.05,-0.000541,0.000541,0.00044228,-0.00043607
6.841,116.6,64.065,179.99,180.05,-0.000541,0.000541,0.00044158,-0.00043614
6.8415,116.59,64.066,179.99,180.05,-0.000541,0.000541,0.0004409,-0.00043621
6.842,116.59,64.066,179.99,180.05,-0.000541,0.000541,0.00044026,-0.00043627
6.8425,116.59,64.067,179.99,180.05,-0.000541,0.000541,0.00043963,-0.00043634
6.843,116.59,64.067,179.99,180.05,-0.000541,0.000541,0.00043903,-0.00043641
6.8435,116.59,64.068,179.99,180.05,-0.000541,0.000541,0.00043846,-0.00043648
6.844,116.59,64.068,179.99,180.05,-0.000541,0.000541,0.00043791,-0.00043654
6.8445,116.59,64.068,179.99,180.05,-0.000541,0.000541,0.00043738,-0.00043661
6.845,116.58,64.069,179.99,180.05,-0.000541,0.000541,0.00043687,-0.00043667
6.8455,116.58,64.069,179.99,180.05,-0.000541,0.000541,0.00043639,-0.00043672
6.846,116.58,64.07,180,180.05,-0.000541,0.000541,0.00043593,-0.00043678
6.8465,116.58,64.07,180,180.04,-0.000541,0.000541,0.00043549,-0.00043682
6.847,116.58,64.07,180,180.04,-0.000541,0.000541,0.00043507,-0.00043687
6.8475,116.58,64.071,180,180.04,-0.000541,0.000541,0.00043468,-0.00043691
6.848,116.58,64.071,180,180.04,-0.000541,0.000541,0.0004343,-0.00043694
6.8485,116.58,64.072,180,180.04,-0.000541,0.000541,0.00043394,-0.00043696
6.849,116.58,64.072,180,180.04,-0.000541,0.000541,0.00043361,-0.00043698
6.8495,116.57,64.073,180,180.04,-0.000541,0.000541,0.0004333,-0.000437
6.85,116.57,64.074,180,180.04,-0.000541,0.000541,0.000433,-0.000437
6.8505,116.57,64.074,180,180.04,-0.000541,0.000541,0.00043272,-0.000437
6.851,116.57,64.075,180,180.04,-0.000541,0.000541,0.00043244,-0.000437
6.8515,116.58,64.076,180,180.04,-0.000541,0.000541,0.00043217,-0.000437
6.852,116.58,64.076,180,180.04,-0.000541,0.000541,0.0004319,-0.000437
6.8525,116.58,64.077,180,180.04,-0.000541,0.000541,0.00043165,-0.000437
6.853,116.58,64.078,180,180.04,-0.000541,0.000541,0.0004314,-0.000437
6.8535,116.58,64.079,180,180.04,-0.000541,0.000541,0.00043116,-0.000437
6.854,116.58,64.08,180,180.04,-0.000541,0.000541,0.00043092,-0.000437
6.8545,116.58,64.081,180,180.04,-0.000541,0.000541,0.0004307,-0.000437
6.855,116.58,64.082,180,180.04,-0.000541,0.000541,0.00043049,-0.000437
6.8555,116.58,64.083,180,180.04,-0.000541,0.000541,0.00043028,-0.000437
6.856,116.58,64.084,180,180.04,-0.000541,0.000541,0.00043009,-0.000437
6.8565,116.58,64.085,180,180.04,-0.000541,0.000541,0.00042991,-0.000437
6.857,116.58,64.086,180,180.04,-0.000541,0.000541,0.00042974,-0.000437
6.8575,116.58,64.087,180,180.04,-0.000541,0.000541,0.00042958,-0.000437
6.858,116.58,64.088,180,180.04,-0.000541,0.000541,0.00042944,-0.000437
6.8585,116.58,64.089,180,180.04,-0.000541,0.000541,0.00042931,-0.000437
6.859,116.58,64.09,180,180.04,-0.000541,0.000541,0.00042919,-0.000437
6.8595,116.58,64.091,180,180.04,-0.000541,0.000541,0.00042909,-0.000437
6.86,116.58,64.092,180,180.04,-0.000541,0.000541,0.000429,-0.000437
6.8605,116.58,64.093,180,180.04,-0.000541,0.000541,0.00042892,-0.000437
6.861,116.58,64.095,180,180.04,-0.000541,0.000541,0.00042885,-0.000437
6.8615,116.58,64.096,180,180.04,-0.000541,0.000541,0.00042878,-0.000437
6.862,116.58,64.097,180,180.03,-0.000541,0.000541,0.00042872,-0.000437
6.8625,116.58,64.099,180,180.03,-0.000541,0.000541,0.00042867,-0.000437
6.863,116.58,64.101,180,180.03,-0.000541,0.000541,0.00042861,-0.000437
6.8635,116.58,64.102,180,180.03,-0.000541,0.000541,0.00042856,-0.000437
6.864,116.58,64.104,180,180.03,-0.000541,0.000541,0.00042851,-0.000437
6.8645,116.58,64.105,180,180.03,-0.000541,0.000541,0.00042847,-0.000437
6.865,116.58,64.107,180,180.03,-0.000541,0.000541,0.00042843,-0.000437
6.8655,116.58,64.108,180,180.03,-0.000541,0.000541,0.00042838,-0.000437
6.866,116.58,64.11,180,180.03,-0.000541,0.000541,0.00042834,-0.000437
6.8665,116.58,64.111,180,180.02,-0.000541,0.000541,0.0004283,-0.000437
6.867,116.58,64.112,180,180.02,-0.000541,0.000541,0.00042826,-0.000437
6.8675,116.58,64.114,180,180.02,-0.000541,0.000541,0.00042822,-0.000437
6.868,116.58,64.114,180,180.02,-0.000541,0.000541,0.00042818,-0.000437
6.8685,116.58,64.115,180,180.02,-0.000541,0.000541,0.00042814,-0.000437
6.869,116.58,64.116,180,180.02,-0.000541,0.000541,0.00042809,-0.000437
6.8695,116.58,64.116,180,180.02,-0.000541,0.000541,0.00042805,-0.000437
6.87,116.58,64.116,180,180.02,-0.000541,0.000541,0.000428,-0.000437
6.8705,116.57,64.116,180,180.02,-0.000541,0.000541,0.00042795,-0.000437
6.871,116.57,64.116,180,180.02,-0.000541,0.000541,0.00042789,-0.000437
6.8715,116.57,64.116,180,180.02,-0.000541,0.000541,0.00042783,-0.000437
6.872,116.57,64.115,180,180.01,-0.000541,0.000541,0.00042777,-0.000437
6.8725,116.57,64.115,180,180.01,-0.000541,0.000541,0.0004277,-0.000437
6.873,116.57,64.114,180,180.01,-0.000541,0.000541,0.00042764,-0.000437
6.8735,116.57,64.114,180,180.01,-0.000541,0.000541,0.00042757,-0.000437
6.874,116.57,64.113,180,180.01,-0.000541,0.000541,0.0004275,-0.000437
6.8745,116.57,64.113,180,180.01,-0.000541,0.000541,0.00042744,-0.000437
6.875,116.56,64.112,180,180.01,-0.000541,0.000541,0.00042738,-0.000437
6.8755,116.56,64.111,180,180.01,-0.000541,0.000541,0.00042731,-0.000437
6.876,116.56,64.111,180,180.01,-0.000541,0.000541,0.00042726,-0.000437
6.8765,116.56,64.11,180,180.01,-0.000541,0.000541,0.0004272,-0.000437
6.877,116.56,64.109,180,180.01,-0.000541,0.000541,0.00042715,-0.000437
6.8775,116.56,64.109,180,180.01,-0.000541,0.000541,0.00042711,-0.000437
6.878,116.56,64.108,180,180.01,-0.000541,0.000541,0.00042707,-0.000437
6.8785,116.55,64.108,179.99,180.01,-0.000541,0.000541,0.00042704,-0.000437
6.879,116.55,64.108,179.99,180.01,-0.000541,0.000541,0.00042702,-0.000437
6.8795,116.55,64.107,179.99,180.01,-0.000541,0.000541,0.000427,-0.000437
6.88,116.55,64.107,179.99,180,-0.000541,0.000541,0.000427,-0.000437
6.8805,116.55,64.107,179.99,180,-0.000541,0.000541,0.000427,-0.000437
6.881,116.55,64.108,180,180,-0.000541,0.000541,0.000427,-0.000437
6.8815,116.55,64.108,180,180,-0.000541,0.000541,0.000427,-0.000437
6.882,116.55,64.109,180,180,-0.000541,0.000541,0.000427,-0.000437
6.8825,116.55,64.11,180,180,-0.000541,0.000541,0.000427,-0.000437
6.883,116.55,64.111,180,180,-0.000541,0.000541,0.000427,-0.000437
6.8835,116.55,64.113,180,180,-0.000541,0.000541,0.000427,-0.000437
6.884,116.55,64.114,180,180,-0.000541,0.000541,0.000427,-0.000437
6.8845,116.55,64.116,180,180,-0.000541,0.000541,0.000427,-0.000437
6.885,116.55,64.117,180.01,180,-0.000541,0.000541,0.000427,-0.000437
6.8855,116.55,64.119,180.01,180,-0.000541,0.000541,0.000427,-0.000437
6.886,116.55,64.121,180.01,180,-0.000541,0.000541,0.000427,-0.000437
6.8865,116.55,64.123,180.01,180,-0.000541,0.000541,0.000427,-0.000437
6.887,116.55,64.125,180.01,180,-0.000541,0.000541,0.000427,-0.000437
6.8875,116.55,64.126,180.01,180,-0.000541,0.000541,0.000427,-0.000437
6.888,116.55,64.128,180.01,180,-0.000541,0.000541,0.000427,-0.000437
6.8885,116.55,64.13,180.01,180,-0.000541,0.000541,0.000427,-0.000437
6.889,116.55,64.132,180.02,179.99,-0.000541,0.000541,0.000427,-0.000437
6.8895,116.55,64.133,180.02,179.99,-0.000541,0.000541,0.000427,-0.000437
6.89,116.55,64.135,180.02,179.99,-0.000541,0.000541,0.000427,-0.000437
6.8905,116.54,64.136,180.02,179.99,-0.000541,0.000541,0.000427,-0.000437
6.891,116.54,64.138,180.02,179.99,-0.000541,0.000541,0.000427,-0.000437
6.8915,116.54,64.14,180.02,179.99,-0.000541,0.000541,0.000427,-0.000437
6.892,116.54,64.141,180.02,179.99,-0.000541,0.000541,0.000427,-0.000437
6.8925,116.54,64.143,180.02,179.99,-0.000541,0.000541,0.000427,-0.000437
6.893,116.54,64.145,180.02,179.99,-0.000541,0.000541,0.000427,-0.000437
6.8935,116.54,64.147,180.02,179.99,-0.000541,0.000541,0.000427,-0.000437
6.894,116.54,64.149,180.02,179.99,-0.000541,0.000541,0.000427,-0.000437
6.8945,116.54,64.151,180.02,179.99,-0.000541,0.000541,0.000427,-0.000437
6.895,116.53,64.153,180.02,179.99,-0.000541,0.000541,0.000427,-0.000437
6.8955,116.53,64.155,180.02,179.98,-0.000541,0.000541,0.000427,-0.000437
6.896,116.53,64.157,180.02,179.98,-0.000541,0.000541,0.000427,-0.000437
6.8965,116.53,64.158,180.02,179.98,-0.000541,0.000541,0.000427,-0.000437
6.897,116.53,64.16,180.02,179.98,-0.000541,0.000541,0.000427,-0.000437
6.8975,116.53,64.161,180.02,179.98,-0.000541,0.000541,0.000427,-0.000437
6.898,116.52,64.162,180.02,179.98,-0.000541,0.000541,0.000427,-0.000437
6.8985,116.52,64.163,180.02,179.98,-0.000541,0.000541,0.000427,-0.000437
6.899,116.52,64.164,180.02,179.98,-0.000541,0.000541,0.000427,-0.000437
6.8995,116.52,64.164,180.02,179.98,-0.000541,0.000541,0.000427,-0.000437
6.9,116.52,64.164,180.02,179.98,-0.000541,0.000541,0.000427,-0.000437
6.9005,116.52,64.164,180.02,179.97,-0.000541,0.000541,0.000427,-0.000437
6.901,116.51,64.164,180.02,179.97,-0.000541,0.000541,0.000427,-0.000437
6.9015,116.51,64.163,180.02,179.97,-0.000541,0.000541,0.000427,-0.000437
6.902,116.51,64.163,180.02,179.97,-0.000541,0.000541,0.000427,-0.000437
6.9025,116.51,64.162,180.02,179.97,-0.000541,0.000541,0.000427,-0.000437
6.903,116.51,64.161,180.02,179.97,-0.000541,0.000541,0.000427,-0.000437
6.9035,116.51,64.161,180.02,179.97,-0.000541,0.000541,0.000427,-0.000437
6.904,116.51,64.16,180.02,179.97,-0.000541,0.000541,0.000427,-0.000437
6.9045,116.5,64.159,180.02,179.97,-0.000541,0.000541,0.000427,-0.000437
6.905,116.5,64.158,180.02,179.97,-0.000541,0.000541,0.000427,-0.000437
6.9055,116.5,64.157,180.03,179.96,-0.000541,0.000541,0.000427,-0.000437
6.906,116.5,64.156,180.03,179.96,-0.000541,0.000541,0.000427,-0.000437
6.9065,116.5,64.155,180.03,179.96,-0.000541,0.000541,0.000427,-0.000437
6.907,116.5,64.154,180.03,179.96,-0.000541,0.000541,0.000427,-0.000437
6.9075,116.49,64.153,180.03,179.96,-0.000541,0.000541,0.000427,-0.000437
6.908,116.49,64.153,180.03,179.96,-0.000541,0.000541,0.000427,-0.000437
6.9085,116.49,64.152,180.03,179.96,-0.000541,0.000541,0.000427,-0.000437
6.909,116.49,64.152,180.03,179.96,-0.000541,0.000541,0.000427,-0.000437
6.9095,116.49,64.151,180.03,179.96,-0.000541,0.000541,0.000427,-0.000437
6.91,116.49,64.151,180.03,179.96,-0.000541,0.000541,0.000427,-0.000437
6.9105,116.49,64.151,180.03,179.96,-0.000541,0.000541,0.000427,-0.000437
6.911,116.49,64.152,180.03,179.96,-0.000541,0.000541,0.000427,-0.000437
6.9115,116.49,64.152,180.03,179.96,-0.000541,0.000541,0.000427,-0.000437
6.912,116.49,64.153,180.03,179.96,-0.000541,0.000541,0.000427,-0.000437
6.9125,116.49,64.154,180.03,179.96,-0.000541,0.000541,0.000427,-0.000437
6.913,116.48,64.155,180.03,179.96,-0.000541,0.000541,0.000427,-0.000437
6.9135,116.48,64.156,180.03,179.96,-0.000541,0.000541,0.000427,-0.000437
6.914,116.48,64.158,180.03,179.96,-0.000541,0.000541,0.000427,-0.000437
6.9145,116.48,64.159,180.03,179.96,-0.000541,0.000541,0.000427,-0.000437
6.915,116.48,64.161,180.03,179.96,-0.000541,0.000541,0.000427,-0.000437
6.9155,116.48,64.162,180.03,179.97,-0.000541,0.000541,0.000427,-0.000437
6.916,116.48,64.164,180.03,179.97,-0.000541,0.000541,0.000427,-0.000437
6.9165,116.48,64.165,180.03,179.97,-0.000541,0.000541,0.000427,-0.000437
6.917,116.48,64.167,180.03,179.97,-0.000541,0.000541,0.000427,-0.000437
6.9175,116.48,64.168,180.03,179.97,-0.000541,0.000541,0.000427,-0.000437
6.918,116.48,64.17,180.03,179.97,-0.000541,0.000541,0.000427,-0.000437
6.9185,116.48,64.171,180.03,179.97,-0.000541,0.000541,0.000427,-0.000437
6.919,116.48,64.172,180.03,179.97,-0.000541,0.000541,0.000427,-0.000437
6.9195,116.48,64.174,180.03,179.97,-0.000541,0.000541,0.000427,-0.000437
6.92,116.48,64.175,180.03,179.97,-0.000541,0.000541,0.000427,-0.000437
6.9205,116.48,64.175,180.03,179.97,-0.000541,0.000541,0.000427,-0.00043699
6.921,116.48,64.176,180.03,179.97,-0.000541,0.000541,0.000427,-0.00043697
6.9215,116.48,64.177,180.03,179.97,-0.000541,0.000541,0.000427,-0.00043694
6.922,116.47,64.178,180.03,179.97,-0.000541,0.000541,0.000427,-0.0004369
6.9225,116.47,64.178,180.03,179.97,-0.000541,0.000541,0.000427,-0.00043684
6.923,116.47,64.179,180.02,179.97,-0.000541,0.000541,0.000427,-0.00043678
6.9235,116.47,64.18,180.02,179.97,-0.000541,0.000541,0.000427,-0.00043672
6.924,116.47,64.18,180.02,179.97,-0.000541,0.000541,0.000427,-0.00043665
6.9245,116.47,64.181,180.02,179.96,-0.000541,0.000541,0.000427,-0.00043657
6.925,116.47,64.182,180.02,179.96,-0.000541,0.000541,0.000427,-0.0004365
6.9255,116.47,64.182,180.02,179.96,-0.000541,0.000541,0.000427,-0.00043643
6.926,116.47,64.183,180.02,179.96,-0.000541,0.000541,0.000427,-0.00043635
6.9265,116.47,64.184,180.02,179.96,-0.000541,0.000541,0.000427,-0.00043628
6.927,116.46,64.184,180.02,179.96,-0.000541,0.000541,0.000427,-0.00043622
6.9275,116.46,64.185,180.02,179.96,-0.000541,0.000541,0.000427,-0.00043616
6.928,116.46,64.186,180.02,179.96,-0.000541,0.000541,0.000427,-0.0004361
6.9285,116.46,64.186,180.02,179.96,-0.000541,0.000541,0.000427,-0.00043606
6.929,116.46,64.187,180.02,179.96,-0.000541,0.000541,0.000427,-0.00043603
6.9295,116.46,64.187,180.02,179.95,-0.000541,0.000541,0.000427,-0.00043601
6.93,116.46,64.188,180.02,179.95,-0.000541,0.000541,0.000427,-0.000436
6.9305,116.46,64.189,180.02,179.95,-0.000541,0.000541,0.000427,-0.000436
6.931,116.46,64.19,180.02,179.95,-0.000541,0.000541,0.000427,-0.000436
6.9315,116.46,64.191,180.02,179.95,-0.000541,0.000541,0.000427,-0.000436
6.932,116.46,64.191,180.02,179.95,-0.000541,0.000541,0.000427,-0.000436
6.9325,116.45,64.192,180.02,179.95,-0.000541,0.000541,0.000427,-0.000436
6.933,116.45,64.193,180.02,179.95,-0.000541,0.000541,0.000427,-0.000436
6.9335,116.45,64.194,180.02,179.95,-0.000541,0.000541,0.000427,-0.000436
6.934,116.45,64.195,180.02,179.95,-0.000541,0.000541,0.000427,-0.000436
6.9345,116.45,64.196,180.02,179.95,-0.000541,0.000541,0.000427,-0.000436
6.935,116.45,64.197,180.02,179.95,-0.000541,0.000541,0.000427,-0.000436
6.9355,116.45,64.198,180.02,179.95,-0.000541,0.000541,0.000427,-0.000436
6.936,116.45,64.199,180.03,179.95,-0.000541,0.000541,0.000427,-0.000436
6.9365,116.45,64.2,180.03,179.94,-0.000541,0.000541,0.000427,-0.000436
6.937,116.45,64.2,180.03,179.94,-0.000541,0.000541,0.000427,-0.000436
6.9375,116.45,64.201,180.03,179.94,-0.000541,0.000541,0.000427,-0.000436
6.938,116.45,64.201,180.03,179.94,-0.000541,0.000541,0.000427,-0.000436
6.9385,116.45,64.202,180.03,179.94,-0.000541,0.000541,0.000427,-0.000436
6.939,116.45,64.202,180.03,179.94,-0.000541,0.000541,0.000427,-0.000436
6.9395,116.45,64.202,180.03,179.94,-0.000541,0.000541,0.000427,-0.000436
6.94,116.45,64.202,180.03,179.94,-0.000541,0.000541,0.000427,-0.000436
6.9405,116.45,64.202,180.03,179.94,-0.000541,0.000541,0.000427,-0.000436
6.941,116.45,64.202,180.03,179.94,-0.000541,0.000541,0.000427,-0.000436
6.9415,116.45,64.202,180.03,179.94,-0.000541,0.000541,0.000427,-0.000436
6.942,116.45,64.202,180.03,179.94,-0.000541,0.000541,0.000427,-0.000436
6.9425,116.45,64.202,180.03,179.94,-0.000541,0.000541,0.000427,-0.000436
6.943,116.45,64.202,180.03,179.94,-0.000541,0.000541,0.000427,-0.000436
6.9435,116.45,64.202,180.02,179.94,-0.000541,0.000541,0.000427,-0.000436
6.944,116.45,64.202,180.02,179.94,-0.000541,0.000541,0.000427,-0.000436
6.9445,116.45,64.202,180.02,179.94,-0.000541,0.000541,0.000427,-0.000436
6.945,116.45,64.202,180.02,179.94,-0.000541,0.000541,0.000427,-0.000436
6.9455,116.45,64.201,180.02,179.94,-0.000541,0.000541,0.000427,-0.000436
6.946,116.45,64.201,180.02,179.94,-0.000541,0.000541,0.000427,-0.000436
6.9465,116.45,64.201,180.02,179.94,-0.000541,0.000541,0.000427,-0.000436
6.947,116.45,64.201,180.02,179.94,-0.000541,0.000541,0.000427,-0.000436
6.9475,116.45,64.201,180.01,179.93,-0.000541,0.000541,0.000427,-0.000436
6.948,116.45,64.201,180.01,179.93,-0.000541,0.000541,0.000427,-0.000436
6.9485,116.45,64.201,180.01,179.93,-0.000541,0.000541,0.000427,-0.000436
6.949,116.45,64.201,180.01,179.93,-0.000541,0.000541,0.000427,-0.000436
6.9495,116.45,64.201,180.01,179.93,-0.000541,0.000541,0.000427,-0.000436
6.95,116.45,64.201,180.01,179.93,-0.000541,0.000541,0.000427,-0.000436
6.9505,116.45,64.201,180.01,179.93,-0.000541,0.000541,0.000427,-0.000436
6.951,116.45,64.201,180.01,179.93,-0.000541,0.000541,0.000427,-0.000436
6.9515,116.45,64.202,180.01,179.93,-0.000541,0.000541,0.000427,-0.000436
6.952,116.45,64.203,180.01,179.93,-0.000541,0.000541,0.000427,-0.000436
6.9525,116.45,64.203,180,179.93,-0.000541,0.000541,0.000427,-0.000436
6.953,116.45,64.205,180,179.93,-0.000541,0.000541,0.000427,-0.000436
6.9535,116.45,64.206,180,179.93,-0.000541,0.000541,0.000427,-0.000436
6.954,116.45,64.207,180,179.93,-0.000541,0.000541,0.000427,-0.000436
6.9545,116.45,64.208,180,179.93,-0.000541,0.000541,0.000427,-0.000436
6.955,116.45,64.21,180,179.93,-0.000541,0.000541,0.000427,-0.000436
6.9555,116.45,64.211,180,179.92,-0.000541,0.000541,0.000427,-0.000436
6.956,116.45,64.212,180,179.92,-0.000541,0.000541,0.000427,-0.000436
6.9565,116.45,64.214,180,179.92,-0.000541,0.000541,0.000427,-0.000436
6.957,116.45,64.215,180,179.92,-0.000541,0.000541,0.000427,-0.000436
6.9575,116.45,64.216,179.99,179.92,-0.000541,0.000541,0.000427,-0.000436
6.958,116.45,64.217,179.99,179.92,-0.000541,0.000541,0.000427,-0.000436
6.9585,116.45,64.218,179.99,179.92,-0.000541,0.000541,0.000427,-0.000436
6.959,116.45,64.218,179.99,179.92,-0.000541,0.000541,0.000427,-0.000436
6.9595,116.45,64.219,179.99,179.92,-0.000541,0.000541,0.000427,-0.000436
6.96,116.45,64.219,179.99,179.92,-0.000541,0.000541,0.000427,-0.000436
6.9605,116.45,64.219,179.99,179.92,-0.000541,0.000541,0.000427,-0.000436
6.961,116.46,64.219,179.99,179.92,-0.000541,0.000541,0.000427,-0.000436
6.9615,116.47,64.219,179.99,179.92,-0.000541,0.000541,0.000427,-0.000436
6.962,116.48,64.218,179.99,179.91,-0.000541,0.000541,0.000427,-0.000436
6.9625,116.49,64.218,179.99,179.91,-0.000541,0.000541,0.000427,-0.000436
6.963,116.5,64.218,179.99,179.91,-0.000541,0.000541,0.000427,-0.000436
6.9635,116.52,64.218,179.99,179.91,-0.000541,0.000541,0.000427,-0.000436
6.964,116.54,64.217,179.99,179.91,-0.000541,0.000541,0.000427,-0.000436
6.9645,116.56,64.217,179.99,179.91,-0.000541,0.000541,0.000427,-0.000436
6.965,116.58,64.217,179.99,179.91,-0.000541,0.000541,0.000427,-0.000436
6.9655,116.6,64.216,179.99,179.91,-0.000541,0.000541,0.000427,-0.000436
6.966,116.62,64.216,179.99,179.91,-0.000541,0.000541,0.000427,-0.000436
6.9665,116.65,64.216,179.99,179.91,-0.000541,0.000541,0.000427,-0.000436
6.967,116.67,64.215,179.99,179.91,-0.000541,0.000541,0.000427,-0.000436
6.9675,116.69,64.215,179.99,179.91,-0.000541,0.000541,0.000427,-0.000436
6.968,116.72,64.215,179.99,179.91,-0.000541,0.000541,0.000427,-0.000436
6.9685,116.74,64.215,179.99,179.91,-0.000541,0.000541,0.000427,-0.000436
6.969,116.76,64.214,179.99,179.91,-0.000541,0.000541,0.000427,-0.000436
6.9695,116.78,64.214,179.99,179.91,-0.000541,0.000541,0.000427,-0.000436
6.97,116.8,64.214,179.99,179.91,-0.000541,0.000541,0.000427,-0.000436
6.9705,116.82,64.214,179.99,179.91,-0.0062869,0.0062869,0.0004302,-0.0051384
6.971,116.85,64.215,179.99,179.91,-0.022912,0.022912,0.00043941,-0.018744
6.9715,116.87,64.215,179.99,179.91,-0.049498,0.049498,0.00045404,-0.040502
6.972,116.9,64.216,179.99,179.91,-0.085127,0.085127,0.0004735,-0.06966
6.9725,116.93,64.216,179.99,179.91,-0.12888,0.12888,0.0004972,-0.10546
6.973,116.96,64.217,179.99,179.91,-0.17984,0.17984,0.00052455,-0.14717
6.9735,116.99,64.219,179.99,179.91,-0.23708,0.23708,0.00055496,-0.19401
6.974,117.02,64.22,179.99,179.91,-0.29969,0.29969,0.00058785,-0.24525
6.9745,117.05,64.221,179.99,179.91,-0.36676,0.36676,0.00062263,-0.30013
6.975,117.08,64.223,179.99,179.91,-0.43735,0.43735,0.00065869,-0.35789
6.9755,117.1,64.225,179.99,179.91,-0.51056,0.51056,0.00069547,-0.41779
6.976,117.13,64.227,179.99,179.92,-0.58546,0.58546,0.00073236,-0.47908
6.9765,117.16,64.229,179.99,179.92,-0.66113,0.66113,0.00076878,-0.541
6.977,117.18,64.231,179.99,179.92,-0.73667,0.73667,0.00080414,-0.6028
6.9775,117.2,64.234,179.99,179.92,-0.81114,0.81114,0.00083784,-0.66373
6.978,117.22,64.236,179.99,179.92,-0.88363,0.88363,0.00086931,-0.72303
6.9785,117.23,64.239,179.99,179.92,-0.95322,0.95322,0.00089795,-0.77996
6.979,117.24,64.242,179.98,179.92,-1.019,1.019,0.00092317,-0.83376
6.9795,117.25,64.245,179.98,179.92,-1.08,1.08,0.00094438,-0.88369
6.98,117.25,64.249,179.98,179.92,-1.1354,1.1354,0.000961,-0.92898
6.9805,117.25,64.27,179.98,179.89,-1.1893,1.1893,0.00097489,-0.97306
6.981,117.24,64.327,179.98,179.81,-1.2461,1.2461,0.00098832,-1.0195
6.9815,117.22,64.416,179.98,179.68,-1.3051,1.3051,0.0010013,-1.0679
6.982,117.2,64.534,179.98,179.51,-1.3659,1.3659,0.0010138,-1.1176
6.9825,117.17,64.679,179.98,179.29,-1.4279,1.4279,0.0010259,-1.1684
6.983,117.13,64.847,179.98,179.04,-1.4904,1.4904,0.0010375,-1.2196
6.9835,117.09,65.036,179.98,178.75,-1.5529,1.5529,0.0010486,-1.2708
6.984,117.04,65.242,179.97,178.44,-1.6149,1.6149,0.0010593,-1.3216
6.9845,116.99,65.464,179.97,178.11,-1.6756,1.6756,0.0010696,-1.3713
6.985,116.94,65.699,179.97,177.75,-1.7347,1.7347,0.0010793,-1.4197
6.9855,116.88,65.942,179.97,177.39,-1.7915,1.7915,0.0010887,-1.4662
6.986,116.81,66.192,179.97,177.01,-1.8454,1.8454,0.0010976,-1.5103
6.9865,116.75,66.446,179.97,176.62,-1.8958,1.8958,0.0011061,-1.5515
6.987,116.68,66.701,179.97,176.24,-1.9422,1.9422,0.0011141,-1.5894
6.9875,116.6,66.955,179.97,175.86,-1.984,1.984,0.0011217,-1.6235
6.988,116.53,67.203,179.96,175.48,-2.0206,2.0206,0.0011288,-1.6534
6.9885,116.45,67.444,179.96,175.12,-2.0515,2.0515,0.0011355,-1.6785
6.989,116.37,67.674,179.96,174.77,-2.076,2.076,0.0011418,-1.6983
6.9895,116.29,67.891,179.96,174.45,-2.0937,2.0937,0.0011476,-1.7125
6.99,116.21,68.093,179.96,174.14,-2.1038,2.1038,0.001153,-1.7204
6.9905,116.12,68.285,179.96,173.86,-2.1099,2.1099,0.0011581,-1.725
6.991,116.01,68.477,179.96,173.57,-2.1156,2.1156,0.0011631,-1.7294
6.9915,115.88,68.669,179.96,173.28,-2.121,2.121,0.0011678,-1.7336
6.992,115.73,68.862,179.96,172.99,-2.126,2.126,0.0011725,-1.7375
6.9925,115.56,69.054,179.96,172.7,-2.1308,2.1308,0.0011769,-1.7412
6.993,115.38,69.246,179.96,172.42,-2.1352,2.1352,0.0011812,-1.7446
6.9935,115.19,69.438,179.96,172.13,-2.1394,2.1394,0.0011854,-1.7479
6.994,114.99,69.631,179.96,171.84,-2.1433,2.1433,0.0011894,-1.7509
6.9945,114.79,69.823,179.96,171.55,-2.1469,2.1469,0.0011932,-1.7537
6.995,114.57,70.015,179.96,171.27,-2.1502,2.1502,0.0011968,-1.7563
6.9955,114.35,70.208,179.96,170.98,-2.1533,2.1533,0.0012003,-1.7587
6.996,114.12,70.4,179.96,170.69,-2.1561,2.1561,0.0012036,-1.7608
6.9965,113.89,70.592,179.96,170.4,-2.1586,2.1586,0.0012068,-1.7628
6.997,113.66,70.784,179.96,170.11,-2.161,2.161,0.0012098,-1.7645
6.9975,113.44,70.977,179.96,169.83,-2.163,2.163,0.0012126,-1.7661
6.998,113.21,71.169,179.96,169.54,-2.1649,2.1649,0.0012152,-1.7674
6.9985,112.99,71.361,179.96,169.25,-2.1665,2.1665,0.0012177,-1.7685
6.999,112.78,71.554,179.96,168.96,-2.168,2.168,0.0012199,-1.7695
6.9995,112.57,71.746,179.96,168.68,-2.1692,2.1692,0.0012221,-1.7702
7,112.37,71.938,179.96,168.39,-2.1702,2.1702,0.001224,-1.7707
7.0005,112.18,72.131,179.96,168.1,-2.1711,2.1711,0.0012258,-1.7711
7.001,111.99,72.323,179.96,167.81,-2.172,2.172,0.0012276,-1.7715
7.0015,111.8,72.515,179.96,167.53,-2.1728,2.1728,0.0012293,-1.7719
7.002,111.6,72.708,179.96,167.24,-2.1736,2.1736,0.0012309,-1.7723
7.0025,111.41,72.9,179.96,166.95,-2.1743,2.1744,0.0012324,-1.7726
7.003,111.22,73.092,179.96,166.66,-2.175,2.1751,0.0012339,-1.773
7.0035,111.03,73.285,179.96,166.37,-2.1757,2.1757,0.0012354,-1.7733
7.004,110.83,73.477,179.96,166.09,-2.1763,2.1764,0.0012368,-1.7736
7.0045,110.64,73.67,179.96,165.8,-2.1769,2.177,0.0012381,-1.7739
7.005,110.45,73.862,179.96,165.51,-2.1774,2.1775,0.0012393,-1.7741
7.0055,110.26,74.054,179.96,165.22,-2.1779,2.178,0.0012405,-1.7743
7.006,110.07,74.247,179.96,164.94,-2.1784,2.1785,0.0012417,-1.7745
7.0065,109.87,74.439,179.96,164.65,-2.1789,2.1789,0.0012428,-1.7747
7.007,109.68,74.631,179.96,164.36,-2.1793,2.1793,0.0012438,-1.7749
7.0075,109.49,74.824,179.96,164.07,-2.1796,2.1797,0.0012448,-1.775
7.008,109.3,75.016,179.96,163.78,-2.18,2.1801,0.0012458,-1.7752
7.0085,109.1,75.209,179.96,163.5,-2.1803,2.1804,0.0012466,-1.7753
7.009,108.91,75.401,179.96,163.21,-2.1806,2.1807,0.0012475,-1.7753
7.0095,108.72,75.593,179.96,162.92,-2.1809,2.1809,0.0012483,-1.7754
7.01,108.53,75.786,179.96,162.63,-2.1811,2.1811,0.001249,-1.7754
7.0105,108.33,75.978,179.96,162.34,-2.1814,2.1813,0.0012497,-1.7755
7.011,108.14,76.17,179.96,162.05,-2.1816,2.1815,0.0012504,-1.7755
7.0115,107.95,76.362,179.96,161.76,-2.1818,2.1817,0.0012511,-1.7755
7.012,107.76,76.555,179.96,161.48,-2.182,2.1819,0.0012517,-1.7755
7.0125,107.56,76.747,179.96,161.19,-2.1822,2.1821,0.0012524,-1.7755
7.013,107.37,76.939,179.96,160.9,-2.1824,2.1823,0.001253,-1.7755
7.0135,107.18,77.131,179.96,160.61,-2.1826,2.1825,0.0012536,-1.7756
7.014,106.99,77.324,179.96,160.32,-2.1827,2.1826,0.0012541,-1.7756
7.0145,106.79,77.516,179.96,160.03,-2.1829,2.1828,0.0012547,-1.7756
7.015,106.6,77.708,179.96,159.74,-2.183,2.1829,0.0012552,-1.7756
7.0155,106.41,77.9,179.96,159.45,-2.1832,2.1831,0.0012557,-1.7756
7.016,106.22,78.092,179.95,159.16,-2.1833,2.1832,0.0012562,-1.7756
7.0165,106.02,78.285,179.95,158.87,-2.1835,2.1833,0.0012566,-1.7756
7.017,105.83,78.477,179.95,158.58,-2.1836,2.1834,0.0012571,-1.7756
7.0175,105.64,78.669,179.95,158.29,-2.1837,2.1835,0.0012575,-1.7756
7.018,105.45,78.861,179.95,158.01,-2.1838,2.1836,0.0012578,-1.7756
7.0185,105.25,79.054,179.95,157.72,-2.1839,2.1836,0.0012582,-1.7756
7.019,105.06,79.246,179.95,157.43,-2.184,2.1837,0.0012585,-1.7756
7.0195,104.87,79.438,179.95,157.14,-2.1841,2.1837,0.0012588,-1.7756
7.02,104.68,79.631,179.95,156.85,-2.1841,2.1837,0.001259,-1.7756
7.0205,104.49,79.823,179.95,156.56,-2.1842,2.1837,0.0012592,-1.7756
7.021,104.29,80.015,179.95,156.27,-2.1843,2.1837,0.0012594,-1.7756
7.0215,104.1,80.208,179.95,155.99,-2.1844,2.1836,0.0012596,-1.7756
7.022,103.91,80.4,179.95,155.7,-2.1844,2.1835,0.0012598,-1.7756
7.0225,103.72,80.593,179.95,155.41,-2.1845,2.1834,0.00126,-1.7756
7.023,103.53,80.786,179.95,155.12,-2.1846,2.1833,0.0012602,-1.7756
7.0235,103.34,80.978,179.95,154.83,-2.1847,2.1832,0.0012603,-1.7756
7.024,103.14,81.171,179.95,154.54,-2.1847,2.1831,0.0012605,-1.7756
7.0245,102.95,81.363,179.95,154.26,-2.1848,2.1829,0.0012606,-1.7756
7.025,102.76,81.556,179.95,153.97,-2.1848,2.1828,0.0012608,-1.7756
7.0255,102.57,81.748,179.95,153.68,-2.1849,2.1826,0.0012609,-1.7756
7.026,102.38,81.941,179.95,153.39,-2.1849,2.1824,0.001261,-1.7756
7.0265,102.19,82.133,179.95,153.1,-2.185,2.1822,0.0012612,-1.7756
7.027,102,82.326,179.95,152.82,-2.185,2.182,0.0012613,-1.7756
7.0275,101.81,82.518,179.94,152.53,-2.1851,2.1819,0.0012614,-1.7756
7.028,101.61,82.711,179.94,152.24,-2.1851,2.1817,0.0012615,-1.7756
7.0285,101.42,82.903,179.94,151.95,-2.1851,2.1815,0.0012616,-1.7755
7.029,101.23,83.095,179.94,151.66,-2.1851,2.1813,0.0012618,-1.7755
7.0295,101.04,83.287,179.94,151.38,-2.1852,2.1811,0.0012619,-1.7755
7.03,100.85,83.479,179.94,151.09,-2.1852,2.1809,0.001262,-1.7755
7.0305,100.65,83.671,179.94,150.8,-2.1852,2.1807,0.0012621,-1.7755
7.031,100.46,83.863,179.94,150.51,-2.1852,2.1805,0.0012623,-1.7755
7.0315,100.27,84.055,179.94,150.23,-2.1852,2.1803,0.0012624,-1.7755
7.032,100.08,84.247,179.94,149.94,-2.1852,2.18,0.0012625,-1.7755
7.0325,99.884,84.439,179.94,149.65,-2.1852,2.1798,0.0012627,-1.7755
7.033,99.691,84.63,179.94,149.36,-2.1852,2.1795,0.0012628,-1.7755
7.0335,99.499,84.822,179.95,149.08,-2.1851,2.1793,0.0012629,-1.7755
7.034,99.306,85.013,179.95,148.79,-2.1851,2.179,0.001263,-1.7755
7.0345,99.113,85.205,179.95,148.5,-2.1851,2.1787,0.0012632,-1.7755
7.035,98.92,85.396,179.95,148.21,-2.1851,2.1784,0.0012633,-1.7755
7.0355,98.727,85.588,179.95,147.93,-2.1851,2.1781,0.0012634,-1.7755
7.036,98.534,85.779,179.95,147.64,-2.1851,2.1778,0.0012635,-1.7755
7.0365,98.341,85.971,179.95,147.35,-2.1851,2.1775,0.0012636,-1.7755
7.037,98.149,86.162,179.95,147.06,-2.1851,2.1773,0.0012637,-1.7755
7.0375,97.956,86.354,179.95,146.78,-2.1851,2.177,0.0012638,-1.7755
7.038,97.763,86.545,179.95,146.49,-2.1851,2.1767,0.0012639,-1.7755
7.0385,97.571,86.737,179.95,146.2,-2.1851,2.1765,0.0012639,-1.7755
7.039,97.378,86.928,179.95,145.91,-2.1851,2.1762,0.001264,-1.7755
7.0395,97.185,87.12,179.95,145.62,-2.1851,2.176,0.001264,-1.7755
7.04,96.993,87.311,179.95,145.34,-2.1851,2.1758,0.001264,-1.7755
7.0405,96.801,87.503,179.95,145.05,-2.1851,2.1756,0.001264,-1.7755
7.041,96.609,87.695,179.95,144.76,-2.185,2.1754,0.001264,-1.7755
7.0415,96.417,87.886,179.95,144.47,-2.1849,2.1752,0.001264,-1.7755
7.042,96.225,88.078,179.95,144.18,-2.1848,2.175,0.001264,-1.7755
7.0425,96.033,88.269,179.95,143.9,-2.1847,2.1748,0.001264,-1.7755
7.043,95.841,88.461,179.95,143.61,-2.1846,2.1746,0.001264,-1.7755
7.0435,95.65,88.652,179.95,143.32,-2.1844,2.1744,0.001264,-1.7755
7.044,95.458,88.844,179.95,143.03,-2.1842,2.1742,0.001264,-1.7755
7.0445,95.266,89.035,179.95,142.74,-2.184,2.1741,0.001264,-1.7755
7.045,95.074,89.227,179.96,142.45,-2.1838,2.1739,0.001264,-1.7755
7.0455,94.883,89.418,179.96,142.17,-2.1836,2.1737,0.001264,-1.7755
7.046,94.691,89.61,179.96,141.88,-2.1833,2.1735,0.001264,-1.7755
7.0465,94.499,89.801,179.96,141.59,-2.1831,2.1734,0.001264,-1.7755
7.047,94.307,89.993,179.96,141.3,-2.1829,2.1732,0.001264,-1.7755
7.0475,94.116,90.185,179.96,141.01,-2.1826,2.1731,0.001264,-1.7755
7.048,93.924,90.377,179.96,140.72,-2.1824,2.1729,0.001264,-1.7755
7.0485,93.731,90.569,179.96,140.43,-2.1821,2.1728,0.001264,-1.7755
7.049,93.539,90.761,179.96,140.15,-2.1819,2.1727,0.001264,-1.7755
7.0495,93.347,90.953,179.96,139.86,-2.1817,2.1726,0.001264,-1.7755
7.05,93.154,91.145,179.96,139.57,-2.1814,2.1725,0.001264,-1.7755
7.0505,92.962,91.338,179.96,139.28,-2.1812,2.1724,0.001264,-1.7755
7.051,92.769,91.53,179.96,138.99,-2.181,2.1723,0.001264,-1.7755
7.0515,92.576,91.723,179.96,138.7,-2.1807,2.1722,0.001264,-1.7755
7.052,92.382,91.915,179.97,138.41,-2.1804,2.1721,0.001264,-1.7755
7.0525,92.189,92.108,179.97,138.12,-2.1802,2.172,0.0012639,-1.7755
7.053,91.996,92.301,179.97,137.83,-2.1799,2.1719,0.0012639,-1.7755
7.0535,91.802,92.494,179.97,137.54,-2.1796,2.1719,0.0012639,-1.7755
7.054,91.609,92.687,179.97,137.25,-2.1793,2.1718,0.0012638,-1.7755
7.0545,91.415,92.88,179.97,136.96,-2.179,2.1717,0.0012638,-1.7755
7.055,91.221,93.073,179.97,136.67,-2.1787,2.1716,0.0012637,-1.7755
7.0555,91.028,93.266,179.97,136.39,-2.1784,2.1716,0.0012637,-1.7755
7.056,90.834,93.459,179.97,136.1,-2.1781,2.1715,0.0012636,-1.7755
7.0565,90.641,93.653,179.97,135.81,-2.1778,2.1714,0.0012636,-1.7755
7.057,90.447,93.846,179.97,135.52,-2.1775,2.1714,0.0012635,-1.7755
7.0575,90.254,94.039,179.97,135.23,-2.1772,2.1713,0.0012634,-1.7755
7.058,90.06,94.232,179.97,134.94,-2.177,2.1712,0.0012634,-1.7755
7.0585,89.867,94.425,179.97,134.65,-2.1767,2.1712,0.0012633,-1.7755
7.059,89.674,94.619,179.97,134.36,-2.1764,2.1711,0.0012632,-1.7755
7.0595,89.481,94.812,179.97,134.07,-2.1762,2.171,0.0012631,-1.7755
7.06,89.289,95.005,179.97,133.78,-2.176,2.171,0.001263,-1.7755
7.0605,89.096,95.198,179.97,133.49,-2.1758,2.1709,0.0012627,-1.7755
7.061,88.904,95.391,179.97,133.2,-2.1756,2.1708,0.0012621,-1.7755
7.0615,88.712,95.584,179.97,132.91,-2.1754,2.1708,0.0012611,-1.7755
7.062,88.519,95.777,179.97,132.62,-2.1752,2.1707,0.0012597,-1.7755
7.0625,88.327,95.971,179.97,132.33,-2.175,2.1706,0.001258,-1.7755
7.063,88.135,96.164,179.97,132.04,-2.1748,2.1706,0.001256,-1.7755
7.0635,87.943,96.357,179.97,131.75,-2.1746,2.1705,0.0012538,-1.7755
7.064,87.752,96.55,179.97,131.47,-2.1744,2.1705,0.0012512,-1.7755
7.0645,87.56,96.744,179.97,131.18,-2.1742,2.1704,0.0012483,-1.7755
7.065,87.368,96.937,179.97,130.89,-2.174,2.1704,0.0012452,-1.7755
7.0655,87.176,97.13,179.97,130.6,-2.1738,2.1703,0.0012419,-1.7755
7.066,86.985,97.324,179.96,130.31,-2.1737,2.1702,0.0012383,-1.7755
7.0665,86.793,97.517,179.96,130.02,-2.1735,2.1702,0.0012345,-1.7755
7.067,86.601,97.71,179.96,129.73,-2.1733,2.1701,0.0012305,-1.7755
7.0675,86.41,97.903,179.96,129.44,-2.1732,2.17,0.0012263,-1.7755
7.068,86.218,98.097,179.96,129.15,-2.173,2.1699,0.001222,-1.7755
7.0685,86.026,98.29,179.96,128.86,-2.1729,2.1698,0.0012174,-1.7755
7.069,85.835,98.483,179.96,128.57,-2.1728,2.1696,0.0012127,-1.7755
7.0695,85.643,98.677,179.96,128.28,-2.1727,2.1695,0.0012079,-1.7755
7.07,85.451,98.87,179.96,127.99,-2.1725,2.1694,0.001203,-1.7755
7.0705,85.259,99.063,179.96,127.7,-2.1724,2.1629,0.0011973,-1.7669
7.071,85.068,99.256,179.96,127.41,-2.1723,2.1442,0.0011903,-1.742
7.0715,84.876,99.45,179.96,127.12,-2.1722,2.1139,0.0011821,-1.7015
7.072,84.684,99.643,179.96,126.83,-2.1721,2.0727,0.0011726,-1.6462
7.0725,84.492,99.836,179.96,126.54,-2.172,2.0211,0.001162,-1.5771
7.073,84.3,100.03,179.96,126.26,-2.1719,1.96,0.0011503,-1.4951
7.0735,84.108,100.22,179.96,125.97,-2.1718,1.8898,0.0011376,-1.4009
7.074,83.917,100.42,179.96,125.68,-2.1717,1.8113,0.001124,-1.2955
7.0745,83.725,100.61,179.96,125.39,-2.1717,1.725,0.0011094,-1.1797
7.075,83.533,100.8,179.97,125.1,-2.1716,1.6317,0.001094,-1.0543
7.0755,83.341,101,179.97,124.81,-2.1715,1.5319,0.0010777,-0.92036
7.076,83.149,101.19,179.97,124.52,-2.1714,1.4263,0.0010608,-0.77859
7.0765,82.957,101.38,179.97,124.23,-2.1713,1.3156,0.0010432,-0.62989
7.077,82.766,101.58,179.97,123.94,-2.1713,1.2004,0.0010249,-0.47514
7.0775,82.574,101.77,179.97,123.65,-2.1712,1.0813,0.0010062,-0.3152
7.078,82.382,101.96,179.97,123.36,-2.1712,0.95899,0.00098688,-0.15093
7.0785,82.19,102.16,179.97,123.07,-2.1711,0.8341,0.00096716,0.016797
7.079,81.999,102.35,179.98,122.78,-2.1711,0.70727,0.00094707,0.18712
7.0795,81.807,102.54,179.98,122.49,-2.171,0.57915,0.00092667,0.35918
7.08,81.615,102.74,179.98,122.2,-2.171,0.45038,0.000906,0.5321
